2026-05-19 12:09:45 | INFO     | run_exp                            | 
2026-05-19 12:09:45 | INFO     | run_exp                            | ━━━━━━━━━━━━━━━━━━━━━━━━━━━━━━━━━━━━━━━━━━━━━━━━━━━━━━━━━━━━━━━━━━━━━━━━━━━━
2026-05-19 12:09:45 | INFO     | run_exp                            |   ▶ Transformer interpretation experiment
2026-05-19 12:09:45 | INFO     | run_exp                            | ━━━━━━━━━━━━━━━━━━━━━━━━━━━━━━━━━━━━━━━━━━━━━━━━━━━━━━━━━━━━━━━━━━━━━━━━━━━━
2026-05-19 12:09:45 | INFO     | run_exp                            | Config: C:\Dev Projects\Python\Interpretations-of-Transformers\backend\experiments\experiment_config.json
2026-05-19 12:09:45 | INFO     | run_exp                            | Log file: C:\Dev Projects\Python\Interpretations-of-Transformers\backend\artifacts\logs\run_20260519_120945.log
2026-05-19 12:09:45 | INFO     | run_exp                            | faulthandler enabled on log file (no periodic dumps: long CPU encode would look like false timeouts).
2026-05-19 12:09:45 | WARNING  | run_exp                            | Windows CPU: runtime.cpu_threads auto → 1 (PyTorch+OpenMP на всех ядрах даёт access violation); для скорости используйте CUDA или явно задайте cpu_threads.
2026-05-19 12:09:45 | INFO     | run_exp                            | Runtime: torch num_threads=1 interop_threads=1 TOKENIZERS_PARALLELISM=false probing_n_jobs=-1
2026-05-19 12:09:45 | INFO     | run_exp                            | Enabled models: ['bert']
2026-05-19 12:09:45 | INFO     | run_exp                            | 
2026-05-19 12:09:45 | INFO     | run_exp                            | ━━━━━━━━━━━━━━━━━━━━━━━━━━━━━━━━━━━━━━━━━━━━━━━━━━━━━━━━━━━━━━━━━━━━━━━━━━━━
2026-05-19 12:09:45 | INFO     | run_exp                            |   ▶ Stage: load datasets by track (semantic / tone / style)
2026-05-19 12:09:45 | INFO     | run_exp                            | ━━━━━━━━━━━━━━━━━━━━━━━━━━━━━━━━━━━━━━━━━━━━━━━━━━━━━━━━━━━━━━━━━━━━━━━━━━━━
2026-05-19 12:09:45 | INFO     | src.datasets_load                  | [semantic] dataset 1/2: loading ai-forever/ru-stsbenchmark-sts split=train …
2026-05-19 12:09:45 | DEBUG    | urllib3.connectionpool             | Starting new HTTPS connection (1): huggingface.co:443
2026-05-19 12:09:46 | DEBUG    | urllib3.connectionpool             | https://huggingface.co:443 "HEAD /datasets/ai-forever/ru-stsbenchmark-sts/resolve/main/README.md HTTP/1.1" 307 0
2026-05-19 12:09:46 | DEBUG    | urllib3.connectionpool             | https://huggingface.co:443 "HEAD /api/resolve-cache/datasets/ai-forever/ru-stsbenchmark-sts/1ee9c2ca22b69ccfffa9df9f8f4ae40702c8a6e9/README.md HTTP/1.1" 200 0
2026-05-19 12:09:46 | DEBUG    | urllib3.connectionpool             | https://huggingface.co:443 "HEAD /datasets/ai-forever/ru-stsbenchmark-sts/resolve/1ee9c2ca22b69ccfffa9df9f8f4ae40702c8a6e9/ru-stsbenchmark-sts.py HTTP/1.1" 404 0
2026-05-19 12:09:46 | DEBUG    | urllib3.connectionpool             | Starting new HTTPS connection (1): s3.amazonaws.com:443
2026-05-19 12:09:51 | DEBUG    | urllib3.connectionpool             | https://huggingface.co:443 "GET /api/datasets/ai-forever/ru-stsbenchmark-sts/revision/1ee9c2ca22b69ccfffa9df9f8f4ae40702c8a6e9 HTTP/1.1" 200 None
2026-05-19 12:09:51 | DEBUG    | urllib3.connectionpool             | https://huggingface.co:443 "HEAD /datasets/ai-forever/ru-stsbenchmark-sts/resolve/1ee9c2ca22b69ccfffa9df9f8f4ae40702c8a6e9/.huggingface.yaml HTTP/1.1" 404 0
2026-05-19 12:09:51 | DEBUG    | urllib3.connectionpool             | Starting new HTTPS connection (1): datasets-server.huggingface.co:443
2026-05-19 12:09:52 | DEBUG    | urllib3.connectionpool             | https://datasets-server.huggingface.co:443 "GET /info?dataset=ai-forever/ru-stsbenchmark-sts HTTP/1.1" 200 None
2026-05-19 12:09:53 | DEBUG    | urllib3.connectionpool             | https://huggingface.co:443 "GET /api/datasets/ai-forever/ru-stsbenchmark-sts/revision/1ee9c2ca22b69ccfffa9df9f8f4ae40702c8a6e9 HTTP/1.1" 200 None
2026-05-19 12:09:53 | DEBUG    | urllib3.connectionpool             | https://huggingface.co:443 "GET /api/datasets/ai-forever/ru-stsbenchmark-sts/tree/1ee9c2ca22b69ccfffa9df9f8f4ae40702c8a6e9/data?recursive=False&expand=False HTTP/1.1" 200 344
2026-05-19 12:09:53 | DEBUG    | urllib3.connectionpool             | Starting new HTTPS connection (1): huggingface.co:443
2026-05-19 12:09:53 | DEBUG    | urllib3.connectionpool             | https://huggingface.co:443 "GET /api/datasets/ai-forever/ru-stsbenchmark-sts/revision/1ee9c2ca22b69ccfffa9df9f8f4ae40702c8a6e9 HTTP/1.1" 200 None
2026-05-19 12:09:53 | DEBUG    | urllib3.connectionpool             | Starting new HTTPS connection (1): huggingface.co:443
2026-05-19 12:09:54 | DEBUG    | urllib3.connectionpool             | https://huggingface.co:443 "GET /api/datasets/ai-forever/ru-stsbenchmark-sts/revision/1ee9c2ca22b69ccfffa9df9f8f4ae40702c8a6e9 HTTP/1.1" 200 None
2026-05-19 12:09:54 | DEBUG    | urllib3.connectionpool             | Starting new HTTPS connection (1): huggingface.co:443
2026-05-19 12:09:54 | DEBUG    | urllib3.connectionpool             | https://huggingface.co:443 "GET /api/datasets/ai-forever/ru-stsbenchmark-sts/revision/1ee9c2ca22b69ccfffa9df9f8f4ae40702c8a6e9 HTTP/1.1" 200 None
2026-05-19 12:09:55 | DEBUG    | urllib3.connectionpool             | https://huggingface.co:443 "HEAD /datasets/ai-forever/ru-stsbenchmark-sts/resolve/1ee9c2ca22b69ccfffa9df9f8f4ae40702c8a6e9/dataset_infos.json HTTP/1.1" 404 0
2026-05-19 12:09:55 | DEBUG    | urllib3.connectionpool             | Starting new HTTPS connection (1): huggingface.co:443
2026-05-19 12:09:55 | DEBUG    | urllib3.connectionpool             | https://huggingface.co:443 "GET /api/datasets/ai-forever/ru-stsbenchmark-sts/revision/1ee9c2ca22b69ccfffa9df9f8f4ae40702c8a6e9 HTTP/1.1" 200 None
2026-05-19 12:09:55 | DEBUG    | urllib3.connectionpool             | Starting new HTTPS connection (1): huggingface.co:443
2026-05-19 12:09:56 | DEBUG    | urllib3.connectionpool             | https://huggingface.co:443 "GET /api/datasets/ai-forever/ru-stsbenchmark-sts/revision/1ee9c2ca22b69ccfffa9df9f8f4ae40702c8a6e9 HTTP/1.1" 200 None
2026-05-19 12:09:56 | DEBUG    | urllib3.connectionpool             | Starting new HTTPS connection (1): huggingface.co:443
2026-05-19 12:09:57 | DEBUG    | urllib3.connectionpool             | https://huggingface.co:443 "GET /api/datasets/ai-forever/ru-stsbenchmark-sts/revision/1ee9c2ca22b69ccfffa9df9f8f4ae40702c8a6e9 HTTP/1.1" 200 None
2026-05-19 12:09:57 | DEBUG    | filelock                           | Attempting to acquire lock 2226451812496 on C:\Dev Projects\Python\Interpretations-of-Transformers\backend\.cache\hf_datasets\.cache_hf_datasets_ai-forever___ru-stsbenchmark-sts_sts_0.0.0_1ee9c2ca22b69ccfffa9df9f8f4ae40702c8a6e9.lock
2026-05-19 12:09:57 | DEBUG    | filelock                           | Lock 2226451812496 acquired on C:\Dev Projects\Python\Interpretations-of-Transformers\backend\.cache\hf_datasets\.cache_hf_datasets_ai-forever___ru-stsbenchmark-sts_sts_0.0.0_1ee9c2ca22b69ccfffa9df9f8f4ae40702c8a6e9.lock
2026-05-19 12:09:57 | DEBUG    | fsspec.local                       | open file: C:/Dev Projects/Python/Interpretations-of-Transformers/backend/.cache/hf_datasets/ai-forever___ru-stsbenchmark-sts/sts/0.0.0/1ee9c2ca22b69ccfffa9df9f8f4ae40702c8a6e9/dataset_info.json
2026-05-19 12:09:57 | DEBUG    | filelock                           | Attempting to release lock 2226451812496 on C:\Dev Projects\Python\Interpretations-of-Transformers\backend\.cache\hf_datasets\.cache_hf_datasets_ai-forever___ru-stsbenchmark-sts_sts_0.0.0_1ee9c2ca22b69ccfffa9df9f8f4ae40702c8a6e9.lock
2026-05-19 12:09:57 | DEBUG    | filelock                           | Lock 2226451812496 released on C:\Dev Projects\Python\Interpretations-of-Transformers\backend\.cache\hf_datasets\.cache_hf_datasets_ai-forever___ru-stsbenchmark-sts_sts_0.0.0_1ee9c2ca22b69ccfffa9df9f8f4ae40702c8a6e9.lock
2026-05-19 12:09:57 | DEBUG    | filelock                           | Attempting to acquire lock 2226451816336 on C:\Dev Projects\Python\Interpretations-of-Transformers\backend\.cache\hf_datasets\ai-forever___ru-stsbenchmark-sts\sts\0.0.0\1ee9c2ca22b69ccfffa9df9f8f4ae40702c8a6e9_builder.lock
2026-05-19 12:09:57 | DEBUG    | filelock                           | Lock 2226451816336 acquired on C:\Dev Projects\Python\Interpretations-of-Transformers\backend\.cache\hf_datasets\ai-forever___ru-stsbenchmark-sts\sts\0.0.0\1ee9c2ca22b69ccfffa9df9f8f4ae40702c8a6e9_builder.lock
2026-05-19 12:09:57 | DEBUG    | fsspec.local                       | open file: C:/Dev Projects/Python/Interpretations-of-Transformers/backend/.cache/hf_datasets/ai-forever___ru-stsbenchmark-sts/sts/0.0.0/1ee9c2ca22b69ccfffa9df9f8f4ae40702c8a6e9/dataset_info.json
2026-05-19 12:09:57 | DEBUG    | filelock                           | Attempting to release lock 2226451816336 on C:\Dev Projects\Python\Interpretations-of-Transformers\backend\.cache\hf_datasets\ai-forever___ru-stsbenchmark-sts\sts\0.0.0\1ee9c2ca22b69ccfffa9df9f8f4ae40702c8a6e9_builder.lock
2026-05-19 12:09:57 | DEBUG    | filelock                           | Lock 2226451816336 released on C:\Dev Projects\Python\Interpretations-of-Transformers\backend\.cache\hf_datasets\ai-forever___ru-stsbenchmark-sts\sts\0.0.0\1ee9c2ca22b69ccfffa9df9f8f4ae40702c8a6e9_builder.lock
2026-05-19 12:09:57 | INFO     | src.datasets_load                  | [semantic] dataset 1/2: done rows=600 (total=600)
2026-05-19 12:09:57 | INFO     | src.datasets_load                  | [semantic] dataset 2/2: loading MilyaShams/qqp-ru_10k split=train …
2026-05-19 12:09:57 | DEBUG    | urllib3.connectionpool             | https://huggingface.co:443 "HEAD /datasets/MilyaShams/qqp-ru_10k/resolve/main/README.md HTTP/1.1" 307 0
2026-05-19 12:09:58 | DEBUG    | urllib3.connectionpool             | https://huggingface.co:443 "HEAD /api/resolve-cache/datasets/MilyaShams/qqp-ru_10k/4401c47255c7bdfe87f20ef677c1239b37c93a7a/README.md HTTP/1.1" 200 0
2026-05-19 12:09:58 | DEBUG    | urllib3.connectionpool             | https://huggingface.co:443 "HEAD /datasets/MilyaShams/qqp-ru_10k/resolve/4401c47255c7bdfe87f20ef677c1239b37c93a7a/qqp-ru_10k.py HTTP/1.1" 404 0
2026-05-19 12:09:58 | DEBUG    | urllib3.connectionpool             | Starting new HTTPS connection (2): s3.amazonaws.com:443
2026-05-19 12:10:02 | DEBUG    | urllib3.connectionpool             | https://huggingface.co:443 "GET /api/datasets/MilyaShams/qqp-ru_10k/revision/4401c47255c7bdfe87f20ef677c1239b37c93a7a HTTP/1.1" 200 None
2026-05-19 12:10:02 | DEBUG    | urllib3.connectionpool             | https://huggingface.co:443 "HEAD /datasets/MilyaShams/qqp-ru_10k/resolve/4401c47255c7bdfe87f20ef677c1239b37c93a7a/.huggingface.yaml HTTP/1.1" 404 0
2026-05-19 12:10:03 | DEBUG    | urllib3.connectionpool             | https://datasets-server.huggingface.co:443 "GET /info?dataset=MilyaShams/qqp-ru_10k HTTP/1.1" 200 None
2026-05-19 12:10:03 | DEBUG    | urllib3.connectionpool             | https://huggingface.co:443 "GET /api/datasets/MilyaShams/qqp-ru_10k/revision/4401c47255c7bdfe87f20ef677c1239b37c93a7a HTTP/1.1" 200 None
2026-05-19 12:10:04 | DEBUG    | urllib3.connectionpool             | https://huggingface.co:443 "GET /api/datasets/MilyaShams/qqp-ru_10k/tree/4401c47255c7bdfe87f20ef677c1239b37c93a7a/data?recursive=True&expand=False HTTP/1.1" 200 943
2026-05-19 12:10:04 | DEBUG    | urllib3.connectionpool             | https://huggingface.co:443 "GET /api/datasets/MilyaShams/qqp-ru_10k/tree/4401c47255c7bdfe87f20ef677c1239b37c93a7a?recursive=False&expand=False HTTP/1.1" 200 290
2026-05-19 12:10:04 | DEBUG    | urllib3.connectionpool             | Starting new HTTPS connection (1): huggingface.co:443
2026-05-19 12:10:05 | DEBUG    | urllib3.connectionpool             | https://huggingface.co:443 "GET /api/datasets/MilyaShams/qqp-ru_10k/revision/4401c47255c7bdfe87f20ef677c1239b37c93a7a HTTP/1.1" 200 None
2026-05-19 12:10:05 | DEBUG    | urllib3.connectionpool             | Starting new HTTPS connection (1): huggingface.co:443
2026-05-19 12:10:06 | DEBUG    | urllib3.connectionpool             | https://huggingface.co:443 "GET /api/datasets/MilyaShams/qqp-ru_10k/revision/4401c47255c7bdfe87f20ef677c1239b37c93a7a HTTP/1.1" 200 None
2026-05-19 12:10:06 | DEBUG    | urllib3.connectionpool             | Starting new HTTPS connection (1): huggingface.co:443
2026-05-19 12:10:06 | DEBUG    | urllib3.connectionpool             | https://huggingface.co:443 "GET /api/datasets/MilyaShams/qqp-ru_10k/revision/4401c47255c7bdfe87f20ef677c1239b37c93a7a HTTP/1.1" 200 None
2026-05-19 12:10:07 | DEBUG    | urllib3.connectionpool             | https://huggingface.co:443 "HEAD /datasets/MilyaShams/qqp-ru_10k/resolve/4401c47255c7bdfe87f20ef677c1239b37c93a7a/dataset_infos.json HTTP/1.1" 404 0
2026-05-19 12:10:07 | DEBUG    | urllib3.connectionpool             | Starting new HTTPS connection (1): huggingface.co:443
2026-05-19 12:10:08 | DEBUG    | urllib3.connectionpool             | https://huggingface.co:443 "GET /api/datasets/MilyaShams/qqp-ru_10k/revision/4401c47255c7bdfe87f20ef677c1239b37c93a7a HTTP/1.1" 200 None
2026-05-19 12:10:08 | DEBUG    | urllib3.connectionpool             | Starting new HTTPS connection (1): huggingface.co:443
2026-05-19 12:10:09 | DEBUG    | urllib3.connectionpool             | https://huggingface.co:443 "GET /api/datasets/MilyaShams/qqp-ru_10k/revision/4401c47255c7bdfe87f20ef677c1239b37c93a7a HTTP/1.1" 200 None
2026-05-19 12:10:09 | DEBUG    | urllib3.connectionpool             | Starting new HTTPS connection (1): huggingface.co:443
2026-05-19 12:10:09 | DEBUG    | urllib3.connectionpool             | https://huggingface.co:443 "GET /api/datasets/MilyaShams/qqp-ru_10k/revision/4401c47255c7bdfe87f20ef677c1239b37c93a7a HTTP/1.1" 200 None
2026-05-19 12:10:09 | DEBUG    | filelock                           | Attempting to acquire lock 2226453183312 on C:\Dev Projects\Python\Interpretations-of-Transformers\backend\.cache\hf_datasets\.cache_hf_datasets_MilyaShams___qqp-ru_10k_default_0.0.0_4401c47255c7bdfe87f20ef677c1239b37c93a7a.lock
2026-05-19 12:10:09 | DEBUG    | filelock                           | Lock 2226453183312 acquired on C:\Dev Projects\Python\Interpretations-of-Transformers\backend\.cache\hf_datasets\.cache_hf_datasets_MilyaShams___qqp-ru_10k_default_0.0.0_4401c47255c7bdfe87f20ef677c1239b37c93a7a.lock
2026-05-19 12:10:09 | DEBUG    | fsspec.local                       | open file: C:/Dev Projects/Python/Interpretations-of-Transformers/backend/.cache/hf_datasets/MilyaShams___qqp-ru_10k/default/0.0.0/4401c47255c7bdfe87f20ef677c1239b37c93a7a/dataset_info.json
2026-05-19 12:10:09 | DEBUG    | filelock                           | Attempting to release lock 2226453183312 on C:\Dev Projects\Python\Interpretations-of-Transformers\backend\.cache\hf_datasets\.cache_hf_datasets_MilyaShams___qqp-ru_10k_default_0.0.0_4401c47255c7bdfe87f20ef677c1239b37c93a7a.lock
2026-05-19 12:10:09 | DEBUG    | filelock                           | Lock 2226453183312 released on C:\Dev Projects\Python\Interpretations-of-Transformers\backend\.cache\hf_datasets\.cache_hf_datasets_MilyaShams___qqp-ru_10k_default_0.0.0_4401c47255c7bdfe87f20ef677c1239b37c93a7a.lock
2026-05-19 12:10:09 | DEBUG    | filelock                           | Attempting to acquire lock 2226453479328 on C:\Dev Projects\Python\Interpretations-of-Transformers\backend\.cache\hf_datasets\MilyaShams___qqp-ru_10k\default\0.0.0\4401c47255c7bdfe87f20ef677c1239b37c93a7a_builder.lock
2026-05-19 12:10:09 | DEBUG    | filelock                           | Lock 2226453479328 acquired on C:\Dev Projects\Python\Interpretations-of-Transformers\backend\.cache\hf_datasets\MilyaShams___qqp-ru_10k\default\0.0.0\4401c47255c7bdfe87f20ef677c1239b37c93a7a_builder.lock
2026-05-19 12:10:09 | DEBUG    | fsspec.local                       | open file: C:/Dev Projects/Python/Interpretations-of-Transformers/backend/.cache/hf_datasets/MilyaShams___qqp-ru_10k/default/0.0.0/4401c47255c7bdfe87f20ef677c1239b37c93a7a/dataset_info.json
2026-05-19 12:10:09 | DEBUG    | filelock                           | Attempting to release lock 2226453479328 on C:\Dev Projects\Python\Interpretations-of-Transformers\backend\.cache\hf_datasets\MilyaShams___qqp-ru_10k\default\0.0.0\4401c47255c7bdfe87f20ef677c1239b37c93a7a_builder.lock
2026-05-19 12:10:09 | DEBUG    | filelock                           | Lock 2226453479328 released on C:\Dev Projects\Python\Interpretations-of-Transformers\backend\.cache\hf_datasets\MilyaShams___qqp-ru_10k\default\0.0.0\4401c47255c7bdfe87f20ef677c1239b37c93a7a_builder.lock
2026-05-19 12:10:10 | INFO     | src.datasets_load                  | [semantic] dataset 2/2: done rows=600 (total=1200)
2026-05-19 12:10:10 | INFO     | run_exp                            | Semantic records: 1200
2026-05-19 12:10:10 | INFO     | src.datasets_load                  | [tone] dataset 1/1: loading MonoHime/ru_sentiment_dataset split=train …
2026-05-19 12:10:10 | DEBUG    | urllib3.connectionpool             | https://huggingface.co:443 "HEAD /datasets/MonoHime/ru_sentiment_dataset/resolve/main/README.md HTTP/1.1" 307 0
2026-05-19 12:10:10 | DEBUG    | urllib3.connectionpool             | https://huggingface.co:443 "HEAD /api/resolve-cache/datasets/MonoHime/ru_sentiment_dataset/a66a66ee3a858c2b59e056b3fb7dfaf501fc5425/README.md HTTP/1.1" 200 0
2026-05-19 12:10:11 | DEBUG    | urllib3.connectionpool             | https://huggingface.co:443 "HEAD /datasets/MonoHime/ru_sentiment_dataset/resolve/a66a66ee3a858c2b59e056b3fb7dfaf501fc5425/ru_sentiment_dataset.py HTTP/1.1" 404 0
2026-05-19 12:10:11 | DEBUG    | urllib3.connectionpool             | Starting new HTTPS connection (3): s3.amazonaws.com:443
2026-05-19 12:10:15 | DEBUG    | urllib3.connectionpool             | https://huggingface.co:443 "GET /api/datasets/MonoHime/ru_sentiment_dataset/revision/a66a66ee3a858c2b59e056b3fb7dfaf501fc5425 HTTP/1.1" 200 None
2026-05-19 12:10:15 | DEBUG    | urllib3.connectionpool             | https://huggingface.co:443 "HEAD /datasets/MonoHime/ru_sentiment_dataset/resolve/a66a66ee3a858c2b59e056b3fb7dfaf501fc5425/.huggingface.yaml HTTP/1.1" 404 0
2026-05-19 12:10:15 | DEBUG    | urllib3.connectionpool             | https://datasets-server.huggingface.co:443 "GET /info?dataset=MonoHime/ru_sentiment_dataset HTTP/1.1" 200 None
2026-05-19 12:10:15 | DEBUG    | urllib3.connectionpool             | https://huggingface.co:443 "GET /api/datasets/MonoHime/ru_sentiment_dataset/revision/a66a66ee3a858c2b59e056b3fb7dfaf501fc5425 HTTP/1.1" 200 None
2026-05-19 12:10:16 | DEBUG    | urllib3.connectionpool             | https://huggingface.co:443 "GET /api/datasets/MonoHime/ru_sentiment_dataset/tree/a66a66ee3a858c2b59e056b3fb7dfaf501fc5425/data?recursive=True&expand=False HTTP/1.1" 404 79
2026-05-19 12:10:16 | DEBUG    | urllib3.connectionpool             | https://huggingface.co:443 "GET /api/datasets/MonoHime/ru_sentiment_dataset/tree/a66a66ee3a858c2b59e056b3fb7dfaf501fc5425?recursive=False&expand=False HTTP/1.1" 200 None
2026-05-19 12:10:16 | DEBUG    | urllib3.connectionpool             | Starting new HTTPS connection (1): huggingface.co:443
2026-05-19 12:10:17 | DEBUG    | urllib3.connectionpool             | https://huggingface.co:443 "GET /api/datasets/MonoHime/ru_sentiment_dataset/revision/a66a66ee3a858c2b59e056b3fb7dfaf501fc5425 HTTP/1.1" 200 None
2026-05-19 12:10:17 | DEBUG    | urllib3.connectionpool             | Starting new HTTPS connection (1): huggingface.co:443
2026-05-19 12:10:18 | DEBUG    | urllib3.connectionpool             | https://huggingface.co:443 "GET /api/datasets/MonoHime/ru_sentiment_dataset/revision/a66a66ee3a858c2b59e056b3fb7dfaf501fc5425 HTTP/1.1" 200 None
2026-05-19 12:10:18 | DEBUG    | urllib3.connectionpool             | https://huggingface.co:443 "HEAD /datasets/MonoHime/ru_sentiment_dataset/resolve/a66a66ee3a858c2b59e056b3fb7dfaf501fc5425/dataset_infos.json HTTP/1.1" 404 0
2026-05-19 12:10:18 | DEBUG    | filelock                           | Attempting to acquire lock 2226449269568 on C:\Dev Projects\Python\Interpretations-of-Transformers\backend\.cache\hf_datasets\.cache_hf_datasets_MonoHime___ru_sentiment_dataset_default_0.0.0_a66a66ee3a858c2b59e056b3fb7dfaf501fc5425.lock
2026-05-19 12:10:18 | DEBUG    | filelock                           | Lock 2226449269568 acquired on C:\Dev Projects\Python\Interpretations-of-Transformers\backend\.cache\hf_datasets\.cache_hf_datasets_MonoHime___ru_sentiment_dataset_default_0.0.0_a66a66ee3a858c2b59e056b3fb7dfaf501fc5425.lock
2026-05-19 12:10:18 | DEBUG    | fsspec.local                       | open file: C:/Dev Projects/Python/Interpretations-of-Transformers/backend/.cache/hf_datasets/MonoHime___ru_sentiment_dataset/default/0.0.0/a66a66ee3a858c2b59e056b3fb7dfaf501fc5425/dataset_info.json
2026-05-19 12:10:18 | DEBUG    | filelock                           | Attempting to release lock 2226449269568 on C:\Dev Projects\Python\Interpretations-of-Transformers\backend\.cache\hf_datasets\.cache_hf_datasets_MonoHime___ru_sentiment_dataset_default_0.0.0_a66a66ee3a858c2b59e056b3fb7dfaf501fc5425.lock
2026-05-19 12:10:18 | DEBUG    | filelock                           | Lock 2226449269568 released on C:\Dev Projects\Python\Interpretations-of-Transformers\backend\.cache\hf_datasets\.cache_hf_datasets_MonoHime___ru_sentiment_dataset_default_0.0.0_a66a66ee3a858c2b59e056b3fb7dfaf501fc5425.lock
2026-05-19 12:10:18 | DEBUG    | filelock                           | Attempting to acquire lock 2226407566752 on C:\Dev Projects\Python\Interpretations-of-Transformers\backend\.cache\hf_datasets\MonoHime___ru_sentiment_dataset\default\0.0.0\a66a66ee3a858c2b59e056b3fb7dfaf501fc5425_builder.lock
2026-05-19 12:10:18 | DEBUG    | filelock                           | Lock 2226407566752 acquired on C:\Dev Projects\Python\Interpretations-of-Transformers\backend\.cache\hf_datasets\MonoHime___ru_sentiment_dataset\default\0.0.0\a66a66ee3a858c2b59e056b3fb7dfaf501fc5425_builder.lock
2026-05-19 12:10:18 | DEBUG    | fsspec.local                       | open file: C:/Dev Projects/Python/Interpretations-of-Transformers/backend/.cache/hf_datasets/MonoHime___ru_sentiment_dataset/default/0.0.0/a66a66ee3a858c2b59e056b3fb7dfaf501fc5425/dataset_info.json
2026-05-19 12:10:18 | DEBUG    | filelock                           | Attempting to release lock 2226407566752 on C:\Dev Projects\Python\Interpretations-of-Transformers\backend\.cache\hf_datasets\MonoHime___ru_sentiment_dataset\default\0.0.0\a66a66ee3a858c2b59e056b3fb7dfaf501fc5425_builder.lock
2026-05-19 12:10:18 | DEBUG    | filelock                           | Lock 2226407566752 released on C:\Dev Projects\Python\Interpretations-of-Transformers\backend\.cache\hf_datasets\MonoHime___ru_sentiment_dataset\default\0.0.0\a66a66ee3a858c2b59e056b3fb7dfaf501fc5425_builder.lock
2026-05-19 12:10:26 | INFO     | src.datasets_load                  | [tone] dataset 1/1: done rows=600 (total=600)
2026-05-19 12:10:26 | INFO     | run_exp                            | Tone records: 600
2026-05-19 12:10:26 | INFO     | src.datasets_load                  | [style] dataset 1/1: loading seara/ru_go_emotions (raw) split=train …
2026-05-19 12:10:26 | DEBUG    | urllib3.connectionpool             | https://huggingface.co:443 "HEAD /datasets/seara/ru_go_emotions/resolve/main/README.md HTTP/1.1" 307 0
2026-05-19 12:10:27 | DEBUG    | urllib3.connectionpool             | https://huggingface.co:443 "HEAD /api/resolve-cache/datasets/seara/ru_go_emotions/0323e396b62e5e34812e70e1a82604d25b43f9a0/README.md HTTP/1.1" 200 0
2026-05-19 12:10:27 | DEBUG    | urllib3.connectionpool             | https://huggingface.co:443 "HEAD /datasets/seara/ru_go_emotions/resolve/0323e396b62e5e34812e70e1a82604d25b43f9a0/ru_go_emotions.py HTTP/1.1" 404 0
2026-05-19 12:10:27 | DEBUG    | urllib3.connectionpool             | Starting new HTTPS connection (4): s3.amazonaws.com:443
2026-05-19 12:10:31 | DEBUG    | urllib3.connectionpool             | https://huggingface.co:443 "GET /api/datasets/seara/ru_go_emotions/revision/0323e396b62e5e34812e70e1a82604d25b43f9a0 HTTP/1.1" 200 None
2026-05-19 12:10:31 | DEBUG    | urllib3.connectionpool             | https://huggingface.co:443 "HEAD /datasets/seara/ru_go_emotions/resolve/0323e396b62e5e34812e70e1a82604d25b43f9a0/.huggingface.yaml HTTP/1.1" 404 0
2026-05-19 12:10:34 | DEBUG    | urllib3.connectionpool             | https://datasets-server.huggingface.co:443 "GET /info?dataset=seara/ru_go_emotions HTTP/1.1" 200 None
2026-05-19 12:10:35 | DEBUG    | urllib3.connectionpool             | https://huggingface.co:443 "GET /api/datasets/seara/ru_go_emotions/revision/0323e396b62e5e34812e70e1a82604d25b43f9a0 HTTP/1.1" 200 None
2026-05-19 12:10:35 | DEBUG    | urllib3.connectionpool             | https://huggingface.co:443 "GET /api/datasets/seara/ru_go_emotions/tree/0323e396b62e5e34812e70e1a82604d25b43f9a0/raw?recursive=True&expand=False HTTP/1.1" 200 333
2026-05-19 12:10:35 | DEBUG    | urllib3.connectionpool             | https://huggingface.co:443 "GET /api/datasets/seara/ru_go_emotions/tree/0323e396b62e5e34812e70e1a82604d25b43f9a0?recursive=False&expand=False HTTP/1.1" 200 389
2026-05-19 12:10:35 | DEBUG    | urllib3.connectionpool             | Starting new HTTPS connection (1): huggingface.co:443
2026-05-19 12:10:36 | DEBUG    | urllib3.connectionpool             | https://huggingface.co:443 "GET /api/datasets/seara/ru_go_emotions/revision/0323e396b62e5e34812e70e1a82604d25b43f9a0 HTTP/1.1" 200 None
2026-05-19 12:10:36 | DEBUG    | urllib3.connectionpool             | https://huggingface.co:443 "HEAD /datasets/seara/ru_go_emotions/resolve/0323e396b62e5e34812e70e1a82604d25b43f9a0/dataset_infos.json HTTP/1.1" 404 0
2026-05-19 12:10:36 | DEBUG    | urllib3.connectionpool             | Starting new HTTPS connection (1): huggingface.co:443
2026-05-19 12:10:36 | DEBUG    | urllib3.connectionpool             | https://huggingface.co:443 "GET /api/datasets/seara/ru_go_emotions/revision/0323e396b62e5e34812e70e1a82604d25b43f9a0 HTTP/1.1" 200 None
2026-05-19 12:10:36 | DEBUG    | filelock                           | Attempting to acquire lock 2226407245664 on C:\Dev Projects\Python\Interpretations-of-Transformers\backend\.cache\hf_datasets\.cache_hf_datasets_seara___ru_go_emotions_raw_0.0.0_0323e396b62e5e34812e70e1a82604d25b43f9a0.lock
2026-05-19 12:10:36 | DEBUG    | filelock                           | Lock 2226407245664 acquired on C:\Dev Projects\Python\Interpretations-of-Transformers\backend\.cache\hf_datasets\.cache_hf_datasets_seara___ru_go_emotions_raw_0.0.0_0323e396b62e5e34812e70e1a82604d25b43f9a0.lock
2026-05-19 12:10:36 | DEBUG    | fsspec.local                       | open file: C:/Dev Projects/Python/Interpretations-of-Transformers/backend/.cache/hf_datasets/seara___ru_go_emotions/raw/0.0.0/0323e396b62e5e34812e70e1a82604d25b43f9a0/dataset_info.json
2026-05-19 12:10:37 | DEBUG    | filelock                           | Attempting to release lock 2226407245664 on C:\Dev Projects\Python\Interpretations-of-Transformers\backend\.cache\hf_datasets\.cache_hf_datasets_seara___ru_go_emotions_raw_0.0.0_0323e396b62e5e34812e70e1a82604d25b43f9a0.lock
2026-05-19 12:10:37 | DEBUG    | filelock                           | Lock 2226407245664 released on C:\Dev Projects\Python\Interpretations-of-Transformers\backend\.cache\hf_datasets\.cache_hf_datasets_seara___ru_go_emotions_raw_0.0.0_0323e396b62e5e34812e70e1a82604d25b43f9a0.lock
2026-05-19 12:10:37 | DEBUG    | filelock                           | Attempting to acquire lock 2226451814608 on C:\Dev Projects\Python\Interpretations-of-Transformers\backend\.cache\hf_datasets\seara___ru_go_emotions\raw\0.0.0\0323e396b62e5e34812e70e1a82604d25b43f9a0_builder.lock
2026-05-19 12:10:37 | DEBUG    | filelock                           | Lock 2226451814608 acquired on C:\Dev Projects\Python\Interpretations-of-Transformers\backend\.cache\hf_datasets\seara___ru_go_emotions\raw\0.0.0\0323e396b62e5e34812e70e1a82604d25b43f9a0_builder.lock
2026-05-19 12:10:37 | DEBUG    | fsspec.local                       | open file: C:/Dev Projects/Python/Interpretations-of-Transformers/backend/.cache/hf_datasets/seara___ru_go_emotions/raw/0.0.0/0323e396b62e5e34812e70e1a82604d25b43f9a0/dataset_info.json
2026-05-19 12:10:37 | DEBUG    | filelock                           | Attempting to release lock 2226451814608 on C:\Dev Projects\Python\Interpretations-of-Transformers\backend\.cache\hf_datasets\seara___ru_go_emotions\raw\0.0.0\0323e396b62e5e34812e70e1a82604d25b43f9a0_builder.lock
2026-05-19 12:10:37 | DEBUG    | filelock                           | Lock 2226451814608 released on C:\Dev Projects\Python\Interpretations-of-Transformers\backend\.cache\hf_datasets\seara___ru_go_emotions\raw\0.0.0\0323e396b62e5e34812e70e1a82604d25b43f9a0_builder.lock
2026-05-19 12:11:19 | INFO     | src.datasets_load                  | [style] dataset 1/1: done rows=600 (total=600)
2026-05-19 12:11:19 | INFO     | run_exp                            | Style records: 600
2026-05-19 12:11:19 | INFO     | run_exp                            | Finetune hardware: dataloader_num_workers=None fp16=None bf16=False gradient_accumulation_steps=1
2026-05-19 12:11:19 | INFO     | run_exp                            | 
2026-05-19 12:11:19 | INFO     | run_exp                            | ━━━━━━━━━━━━━━━━━━━━━━━━━━━━━━━━━━━━━━━━━━━━━━━━━━━━━━━━━━━━━━━━━━━━━━━━━━━━
2026-05-19 12:11:19 | INFO     | run_exp                            |   ▶ Stage: fine-tuning (tone + style heads per model)
2026-05-19 12:11:19 | INFO     | run_exp                            | ━━━━━━━━━━━━━━━━━━━━━━━━━━━━━━━━━━━━━━━━━━━━━━━━━━━━━━━━━━━━━━━━━━━━━━━━━━━━
2026-05-19 12:11:19 | INFO     | src.finetuning                     | finetune: skip (checkpoint exists): C:\Dev Projects\Python\Interpretations-of-Transformers\backend\artifacts\finetuned\bert\tone
2026-05-19 12:11:19 | INFO     | src.finetuning                     | finetune: skip (checkpoint exists): C:\Dev Projects\Python\Interpretations-of-Transformers\backend\artifacts\finetuned\bert\style
2026-05-19 12:11:19 | INFO     | run_exp                            | Analysis levels: ['text', 'sentence', 'token']
2026-05-19 12:11:19 | INFO     | run_exp                            | 
2026-05-19 12:11:19 | INFO     | run_exp                            | ━━━━━━━━━━━━━━━━━━━━━━━━━━━━━━━━━━━━━━━━━━━━━━━━━━━━━━━━━━━━━━━━━━━━━━━━━━━━
2026-05-19 12:11:19 | INFO     | run_exp                            |   ▶ Track: semantic
2026-05-19 12:11:19 | INFO     | run_exp                            | ━━━━━━━━━━━━━━━━━━━━━━━━━━━━━━━━━━━━━━━━━━━━━━━━━━━━━━━━━━━━━━━━━━━━━━━━━━━━
2026-05-19 12:11:19 | INFO     | run_exp                            | Task semantic_similarity: n=600, task_type=regression
2026-05-19 12:11:19 | INFO     | run_exp                            | ········································································
2026-05-19 12:11:19 | INFO     | run_exp                            | 
2026-05-19 12:11:19 | INFO     | run_exp                            | ━━━━━━━━━━━━━━━━━━━━━━━━━━━━━━━━━━━━━━━━━━━━━━━━━━━━━━━━━━━━━━━━━━━━━━━━━━━━
2026-05-19 12:11:19 | INFO     | run_exp                            |   ▶ Model: BERT | track: semantic | task: semantic_similarity
2026-05-19 12:11:19 | INFO     | run_exp                            | ━━━━━━━━━━━━━━━━━━━━━━━━━━━━━━━━━━━━━━━━━━━━━━━━━━━━━━━━━━━━━━━━━━━━━━━━━━━━
2026-05-19 12:11:19 | INFO     | src.language_models.loader         | loading tokenizer: bert-base-multilingual-cased
2026-05-19 12:11:19 | DEBUG    | urllib3.connectionpool             | https://huggingface.co:443 "HEAD /bert-base-multilingual-cased/resolve/main/tokenizer_config.json HTTP/1.1" 200 0
2026-05-19 12:11:19 | DEBUG    | urllib3.connectionpool             | https://huggingface.co:443 "GET /api/models/bert-base-multilingual-cased/tree/main/additional_chat_templates?recursive=False&expand=False HTTP/1.1" 307 152
2026-05-19 12:11:19 | DEBUG    | urllib3.connectionpool             | https://huggingface.co:443 "GET /api/models/google-bert/bert-base-multilingual-cased/tree/main/additional_chat_templates?recursive=False&expand=False HTTP/1.1" 404 64
2026-05-19 12:11:20 | INFO     | src.language_models.loader         | loading weights: bert-base-multilingual-cased -> cpu
2026-05-19 12:11:20 | DEBUG    | urllib3.connectionpool             | https://huggingface.co:443 "HEAD /bert-base-multilingual-cased/resolve/main/config.json HTTP/1.1" 200 0
2026-05-19 12:11:20 | INFO     | src.language_models.loader         | model ready: family=bert name=bert-base-multilingual-cased
2026-05-19 12:11:20 | INFO     | run_exp                            | Analysis level: text (batch_size=8, max_length=256)
2026-05-19 12:11:20 | INFO     | src.embeddings.pipeline            | pipeline: level=text strategy=mean probing=regression batch_size=8 max_length=256 -> C:\Dev Projects\Python\Interpretations-of-Transformers\backend\artifacts\analysis\semantic\semantic_similarity\bert\text
2026-05-19 12:11:20 | INFO     | src.embeddings.extractor           | encode start: 600 texts, batch_size=8, max_length=256, ~75 batches (level=text)
2026-05-19 12:11:20 | DEBUG    | src.embeddings.extractor           | encode batch 1/75 start: idx=[0:8], samples=8, total_chars=672
2026-05-19 12:11:20 | DEBUG    | src.embeddings.extractor           | encode batch 1/75 tokenized: input_ids=(8, 256) attention_mask=(8, 256)
2026-05-19 12:11:27 | DEBUG    | src.embeddings.extractor           | encode batch 1/75 forward ok: n_layers=13 layer0=(8, 256, 768)
2026-05-19 12:11:27 | DEBUG    | src.embeddings.extractor           | encode batch 2/75 start: idx=[8:16], samples=8, total_chars=439
2026-05-19 12:11:27 | DEBUG    | src.embeddings.extractor           | encode batch 2/75 tokenized: input_ids=(8, 256) attention_mask=(8, 256)
2026-05-19 12:11:31 | DEBUG    | src.embeddings.extractor           | encode batch 2/75 forward ok: n_layers=13 layer0=(8, 256, 768)
2026-05-19 12:11:31 | DEBUG    | src.embeddings.extractor           | encode batch 3/75 start: idx=[16:24], samples=8, total_chars=439
2026-05-19 12:11:31 | DEBUG    | src.embeddings.extractor           | encode batch 3/75 tokenized: input_ids=(8, 256) attention_mask=(8, 256)
2026-05-19 12:11:35 | DEBUG    | src.embeddings.extractor           | encode batch 3/75 forward ok: n_layers=13 layer0=(8, 256, 768)
2026-05-19 12:11:35 | DEBUG    | src.embeddings.extractor           | encode batch 4/75 start: idx=[24:32], samples=8, total_chars=526
2026-05-19 12:11:35 | DEBUG    | src.embeddings.extractor           | encode batch 4/75 tokenized: input_ids=(8, 256) attention_mask=(8, 256)
2026-05-19 12:11:40 | DEBUG    | src.embeddings.extractor           | encode batch 4/75 forward ok: n_layers=13 layer0=(8, 256, 768)
2026-05-19 12:11:40 | DEBUG    | src.embeddings.extractor           | encode batch 5/75 start: idx=[32:40], samples=8, total_chars=350
2026-05-19 12:11:40 | DEBUG    | src.embeddings.extractor           | encode batch 5/75 tokenized: input_ids=(8, 256) attention_mask=(8, 256)
2026-05-19 12:11:43 | DEBUG    | src.embeddings.extractor           | encode batch 5/75 forward ok: n_layers=13 layer0=(8, 256, 768)
2026-05-19 12:11:43 | DEBUG    | src.embeddings.extractor           | encode batch 6/75 start: idx=[40:48], samples=8, total_chars=568
2026-05-19 12:11:43 | DEBUG    | src.embeddings.extractor           | encode batch 6/75 tokenized: input_ids=(8, 256) attention_mask=(8, 256)
2026-05-19 12:11:48 | DEBUG    | src.embeddings.extractor           | encode batch 6/75 forward ok: n_layers=13 layer0=(8, 256, 768)
2026-05-19 12:11:48 | DEBUG    | src.embeddings.extractor           | encode batch 7/75 start: idx=[48:56], samples=8, total_chars=557
2026-05-19 12:11:48 | DEBUG    | src.embeddings.extractor           | encode batch 7/75 tokenized: input_ids=(8, 256) attention_mask=(8, 256)
2026-05-19 12:11:52 | DEBUG    | src.embeddings.extractor           | encode batch 7/75 forward ok: n_layers=13 layer0=(8, 256, 768)
2026-05-19 12:11:52 | INFO     | src.embeddings.extractor           | encode batch 7/75
2026-05-19 12:11:52 | DEBUG    | src.embeddings.extractor           | encode batch 8/75 start: idx=[56:64], samples=8, total_chars=407
2026-05-19 12:11:52 | DEBUG    | src.embeddings.extractor           | encode batch 8/75 tokenized: input_ids=(8, 256) attention_mask=(8, 256)
2026-05-19 12:11:59 | DEBUG    | src.embeddings.extractor           | encode batch 8/75 forward ok: n_layers=13 layer0=(8, 256, 768)
2026-05-19 12:11:59 | DEBUG    | src.embeddings.extractor           | encode batch 9/75 start: idx=[64:72], samples=8, total_chars=425
2026-05-19 12:11:59 | DEBUG    | src.embeddings.extractor           | encode batch 9/75 tokenized: input_ids=(8, 256) attention_mask=(8, 256)
2026-05-19 12:12:03 | DEBUG    | src.embeddings.extractor           | encode batch 9/75 forward ok: n_layers=13 layer0=(8, 256, 768)
2026-05-19 12:12:03 | DEBUG    | src.embeddings.extractor           | encode batch 10/75 start: idx=[72:80], samples=8, total_chars=504
2026-05-19 12:12:03 | DEBUG    | src.embeddings.extractor           | encode batch 10/75 tokenized: input_ids=(8, 256) attention_mask=(8, 256)
2026-05-19 12:12:08 | DEBUG    | src.embeddings.extractor           | encode batch 10/75 forward ok: n_layers=13 layer0=(8, 256, 768)
2026-05-19 12:12:08 | DEBUG    | src.embeddings.extractor           | encode batch 11/75 start: idx=[80:88], samples=8, total_chars=535
2026-05-19 12:12:08 | DEBUG    | src.embeddings.extractor           | encode batch 11/75 tokenized: input_ids=(8, 256) attention_mask=(8, 256)
2026-05-19 12:12:12 | DEBUG    | src.embeddings.extractor           | encode batch 11/75 forward ok: n_layers=13 layer0=(8, 256, 768)
2026-05-19 12:12:12 | DEBUG    | src.embeddings.extractor           | encode batch 12/75 start: idx=[88:96], samples=8, total_chars=388
2026-05-19 12:12:12 | DEBUG    | src.embeddings.extractor           | encode batch 12/75 tokenized: input_ids=(8, 256) attention_mask=(8, 256)
2026-05-19 12:12:16 | DEBUG    | src.embeddings.extractor           | encode batch 12/75 forward ok: n_layers=13 layer0=(8, 256, 768)
2026-05-19 12:12:16 | DEBUG    | src.embeddings.extractor           | encode batch 13/75 start: idx=[96:104], samples=8, total_chars=684
2026-05-19 12:12:16 | DEBUG    | src.embeddings.extractor           | encode batch 13/75 tokenized: input_ids=(8, 256) attention_mask=(8, 256)
2026-05-19 12:12:20 | DEBUG    | src.embeddings.extractor           | encode batch 13/75 forward ok: n_layers=13 layer0=(8, 256, 768)
2026-05-19 12:12:20 | DEBUG    | src.embeddings.extractor           | encode batch 14/75 start: idx=[104:112], samples=8, total_chars=422
2026-05-19 12:12:20 | DEBUG    | src.embeddings.extractor           | encode batch 14/75 tokenized: input_ids=(8, 256) attention_mask=(8, 256)
2026-05-19 12:12:25 | DEBUG    | src.embeddings.extractor           | encode batch 14/75 forward ok: n_layers=13 layer0=(8, 256, 768)
2026-05-19 12:12:25 | INFO     | src.embeddings.extractor           | encode batch 14/75
2026-05-19 12:12:25 | DEBUG    | src.embeddings.extractor           | encode batch 15/75 start: idx=[112:120], samples=8, total_chars=409
2026-05-19 12:12:25 | DEBUG    | src.embeddings.extractor           | encode batch 15/75 tokenized: input_ids=(8, 256) attention_mask=(8, 256)
2026-05-19 12:12:29 | DEBUG    | src.embeddings.extractor           | encode batch 15/75 forward ok: n_layers=13 layer0=(8, 256, 768)
2026-05-19 12:12:29 | DEBUG    | src.embeddings.extractor           | encode batch 16/75 start: idx=[120:128], samples=8, total_chars=500
2026-05-19 12:12:29 | DEBUG    | src.embeddings.extractor           | encode batch 16/75 tokenized: input_ids=(8, 256) attention_mask=(8, 256)
2026-05-19 12:12:34 | DEBUG    | src.embeddings.extractor           | encode batch 16/75 forward ok: n_layers=13 layer0=(8, 256, 768)
2026-05-19 12:12:34 | DEBUG    | src.embeddings.extractor           | encode batch 17/75 start: idx=[128:136], samples=8, total_chars=583
2026-05-19 12:12:34 | DEBUG    | src.embeddings.extractor           | encode batch 17/75 tokenized: input_ids=(8, 256) attention_mask=(8, 256)
2026-05-19 12:12:38 | DEBUG    | src.embeddings.extractor           | encode batch 17/75 forward ok: n_layers=13 layer0=(8, 256, 768)
2026-05-19 12:12:38 | DEBUG    | src.embeddings.extractor           | encode batch 18/75 start: idx=[136:144], samples=8, total_chars=594
2026-05-19 12:12:38 | DEBUG    | src.embeddings.extractor           | encode batch 18/75 tokenized: input_ids=(8, 256) attention_mask=(8, 256)
2026-05-19 12:12:42 | DEBUG    | src.embeddings.extractor           | encode batch 18/75 forward ok: n_layers=13 layer0=(8, 256, 768)
2026-05-19 12:12:42 | DEBUG    | src.embeddings.extractor           | encode batch 19/75 start: idx=[144:152], samples=8, total_chars=461
2026-05-19 12:12:42 | DEBUG    | src.embeddings.extractor           | encode batch 19/75 tokenized: input_ids=(8, 256) attention_mask=(8, 256)
2026-05-19 12:12:47 | DEBUG    | src.embeddings.extractor           | encode batch 19/75 forward ok: n_layers=13 layer0=(8, 256, 768)
2026-05-19 12:12:47 | DEBUG    | src.embeddings.extractor           | encode batch 20/75 start: idx=[152:160], samples=8, total_chars=468
2026-05-19 12:12:47 | DEBUG    | src.embeddings.extractor           | encode batch 20/75 tokenized: input_ids=(8, 256) attention_mask=(8, 256)
2026-05-19 12:12:51 | DEBUG    | src.embeddings.extractor           | encode batch 20/75 forward ok: n_layers=13 layer0=(8, 256, 768)
2026-05-19 12:12:51 | DEBUG    | src.embeddings.extractor           | encode batch 21/75 start: idx=[160:168], samples=8, total_chars=338
2026-05-19 12:12:51 | DEBUG    | src.embeddings.extractor           | encode batch 21/75 tokenized: input_ids=(8, 256) attention_mask=(8, 256)
2026-05-19 12:12:56 | DEBUG    | src.embeddings.extractor           | encode batch 21/75 forward ok: n_layers=13 layer0=(8, 256, 768)
2026-05-19 12:12:56 | INFO     | src.embeddings.extractor           | encode batch 21/75
2026-05-19 12:12:56 | DEBUG    | src.embeddings.extractor           | encode batch 22/75 start: idx=[168:176], samples=8, total_chars=490
2026-05-19 12:12:56 | DEBUG    | src.embeddings.extractor           | encode batch 22/75 tokenized: input_ids=(8, 256) attention_mask=(8, 256)
2026-05-19 12:13:00 | DEBUG    | src.embeddings.extractor           | encode batch 22/75 forward ok: n_layers=13 layer0=(8, 256, 768)
2026-05-19 12:13:00 | DEBUG    | src.embeddings.extractor           | encode batch 23/75 start: idx=[176:184], samples=8, total_chars=477
2026-05-19 12:13:00 | DEBUG    | src.embeddings.extractor           | encode batch 23/75 tokenized: input_ids=(8, 256) attention_mask=(8, 256)
2026-05-19 12:13:07 | DEBUG    | src.embeddings.extractor           | encode batch 23/75 forward ok: n_layers=13 layer0=(8, 256, 768)
2026-05-19 12:13:08 | DEBUG    | src.embeddings.extractor           | encode batch 24/75 start: idx=[184:192], samples=8, total_chars=416
2026-05-19 12:13:08 | DEBUG    | src.embeddings.extractor           | encode batch 24/75 tokenized: input_ids=(8, 256) attention_mask=(8, 256)
2026-05-19 12:13:12 | DEBUG    | src.embeddings.extractor           | encode batch 24/75 forward ok: n_layers=13 layer0=(8, 256, 768)
2026-05-19 12:13:12 | DEBUG    | src.embeddings.extractor           | encode batch 25/75 start: idx=[192:200], samples=8, total_chars=703
2026-05-19 12:13:12 | DEBUG    | src.embeddings.extractor           | encode batch 25/75 tokenized: input_ids=(8, 256) attention_mask=(8, 256)
2026-05-19 12:13:16 | DEBUG    | src.embeddings.extractor           | encode batch 25/75 forward ok: n_layers=13 layer0=(8, 256, 768)
2026-05-19 12:13:16 | DEBUG    | src.embeddings.extractor           | encode batch 26/75 start: idx=[200:208], samples=8, total_chars=407
2026-05-19 12:13:16 | DEBUG    | src.embeddings.extractor           | encode batch 26/75 tokenized: input_ids=(8, 256) attention_mask=(8, 256)
2026-05-19 12:13:20 | DEBUG    | src.embeddings.extractor           | encode batch 26/75 forward ok: n_layers=13 layer0=(8, 256, 768)
2026-05-19 12:13:21 | DEBUG    | src.embeddings.extractor           | encode batch 27/75 start: idx=[208:216], samples=8, total_chars=880
2026-05-19 12:13:21 | DEBUG    | src.embeddings.extractor           | encode batch 27/75 tokenized: input_ids=(8, 256) attention_mask=(8, 256)
2026-05-19 12:13:25 | DEBUG    | src.embeddings.extractor           | encode batch 27/75 forward ok: n_layers=13 layer0=(8, 256, 768)
2026-05-19 12:13:25 | DEBUG    | src.embeddings.extractor           | encode batch 28/75 start: idx=[216:224], samples=8, total_chars=378
2026-05-19 12:13:25 | DEBUG    | src.embeddings.extractor           | encode batch 28/75 tokenized: input_ids=(8, 256) attention_mask=(8, 256)
2026-05-19 12:13:29 | DEBUG    | src.embeddings.extractor           | encode batch 28/75 forward ok: n_layers=13 layer0=(8, 256, 768)
2026-05-19 12:13:29 | INFO     | src.embeddings.extractor           | encode batch 28/75
2026-05-19 12:13:29 | DEBUG    | src.embeddings.extractor           | encode batch 29/75 start: idx=[224:232], samples=8, total_chars=419
2026-05-19 12:13:29 | DEBUG    | src.embeddings.extractor           | encode batch 29/75 tokenized: input_ids=(8, 256) attention_mask=(8, 256)
2026-05-19 12:13:34 | DEBUG    | src.embeddings.extractor           | encode batch 29/75 forward ok: n_layers=13 layer0=(8, 256, 768)
2026-05-19 12:13:34 | DEBUG    | src.embeddings.extractor           | encode batch 30/75 start: idx=[232:240], samples=8, total_chars=518
2026-05-19 12:13:34 | DEBUG    | src.embeddings.extractor           | encode batch 30/75 tokenized: input_ids=(8, 256) attention_mask=(8, 256)
2026-05-19 12:13:38 | DEBUG    | src.embeddings.extractor           | encode batch 30/75 forward ok: n_layers=13 layer0=(8, 256, 768)
2026-05-19 12:13:38 | DEBUG    | src.embeddings.extractor           | encode batch 31/75 start: idx=[240:248], samples=8, total_chars=545
2026-05-19 12:13:38 | DEBUG    | src.embeddings.extractor           | encode batch 31/75 tokenized: input_ids=(8, 256) attention_mask=(8, 256)
2026-05-19 12:13:43 | DEBUG    | src.embeddings.extractor           | encode batch 31/75 forward ok: n_layers=13 layer0=(8, 256, 768)
2026-05-19 12:13:43 | DEBUG    | src.embeddings.extractor           | encode batch 32/75 start: idx=[248:256], samples=8, total_chars=322
2026-05-19 12:13:43 | DEBUG    | src.embeddings.extractor           | encode batch 32/75 tokenized: input_ids=(8, 256) attention_mask=(8, 256)
2026-05-19 12:13:47 | DEBUG    | src.embeddings.extractor           | encode batch 32/75 forward ok: n_layers=13 layer0=(8, 256, 768)
2026-05-19 12:13:47 | DEBUG    | src.embeddings.extractor           | encode batch 33/75 start: idx=[256:264], samples=8, total_chars=487
2026-05-19 12:13:47 | DEBUG    | src.embeddings.extractor           | encode batch 33/75 tokenized: input_ids=(8, 256) attention_mask=(8, 256)
2026-05-19 12:13:52 | DEBUG    | src.embeddings.extractor           | encode batch 33/75 forward ok: n_layers=13 layer0=(8, 256, 768)
2026-05-19 12:13:52 | DEBUG    | src.embeddings.extractor           | encode batch 34/75 start: idx=[264:272], samples=8, total_chars=483
2026-05-19 12:13:52 | DEBUG    | src.embeddings.extractor           | encode batch 34/75 tokenized: input_ids=(8, 256) attention_mask=(8, 256)
2026-05-19 12:13:56 | DEBUG    | src.embeddings.extractor           | encode batch 34/75 forward ok: n_layers=13 layer0=(8, 256, 768)
2026-05-19 12:13:56 | DEBUG    | src.embeddings.extractor           | encode batch 35/75 start: idx=[272:280], samples=8, total_chars=329
2026-05-19 12:13:56 | DEBUG    | src.embeddings.extractor           | encode batch 35/75 tokenized: input_ids=(8, 256) attention_mask=(8, 256)
2026-05-19 12:14:01 | DEBUG    | src.embeddings.extractor           | encode batch 35/75 forward ok: n_layers=13 layer0=(8, 256, 768)
2026-05-19 12:14:01 | INFO     | src.embeddings.extractor           | encode batch 35/75
2026-05-19 12:14:01 | DEBUG    | src.embeddings.extractor           | encode batch 36/75 start: idx=[280:288], samples=8, total_chars=341
2026-05-19 12:14:01 | DEBUG    | src.embeddings.extractor           | encode batch 36/75 tokenized: input_ids=(8, 256) attention_mask=(8, 256)
2026-05-19 12:14:05 | DEBUG    | src.embeddings.extractor           | encode batch 36/75 forward ok: n_layers=13 layer0=(8, 256, 768)
2026-05-19 12:14:05 | DEBUG    | src.embeddings.extractor           | encode batch 37/75 start: idx=[288:296], samples=8, total_chars=382
2026-05-19 12:14:05 | DEBUG    | src.embeddings.extractor           | encode batch 37/75 tokenized: input_ids=(8, 256) attention_mask=(8, 256)
2026-05-19 12:14:09 | DEBUG    | src.embeddings.extractor           | encode batch 37/75 forward ok: n_layers=13 layer0=(8, 256, 768)
2026-05-19 12:14:09 | DEBUG    | src.embeddings.extractor           | encode batch 38/75 start: idx=[296:304], samples=8, total_chars=379
2026-05-19 12:14:09 | DEBUG    | src.embeddings.extractor           | encode batch 38/75 tokenized: input_ids=(8, 256) attention_mask=(8, 256)
2026-05-19 12:14:14 | DEBUG    | src.embeddings.extractor           | encode batch 38/75 forward ok: n_layers=13 layer0=(8, 256, 768)
2026-05-19 12:14:14 | DEBUG    | src.embeddings.extractor           | encode batch 39/75 start: idx=[304:312], samples=8, total_chars=546
2026-05-19 12:14:14 | DEBUG    | src.embeddings.extractor           | encode batch 39/75 tokenized: input_ids=(8, 256) attention_mask=(8, 256)
2026-05-19 12:14:18 | DEBUG    | src.embeddings.extractor           | encode batch 39/75 forward ok: n_layers=13 layer0=(8, 256, 768)
2026-05-19 12:14:18 | DEBUG    | src.embeddings.extractor           | encode batch 40/75 start: idx=[312:320], samples=8, total_chars=402
2026-05-19 12:14:18 | DEBUG    | src.embeddings.extractor           | encode batch 40/75 tokenized: input_ids=(8, 256) attention_mask=(8, 256)
2026-05-19 12:14:23 | DEBUG    | src.embeddings.extractor           | encode batch 40/75 forward ok: n_layers=13 layer0=(8, 256, 768)
2026-05-19 12:14:23 | DEBUG    | src.embeddings.extractor           | encode batch 41/75 start: idx=[320:328], samples=8, total_chars=661
2026-05-19 12:14:23 | DEBUG    | src.embeddings.extractor           | encode batch 41/75 tokenized: input_ids=(8, 256) attention_mask=(8, 256)
2026-05-19 12:14:27 | DEBUG    | src.embeddings.extractor           | encode batch 41/75 forward ok: n_layers=13 layer0=(8, 256, 768)
2026-05-19 12:14:27 | DEBUG    | src.embeddings.extractor           | encode batch 42/75 start: idx=[328:336], samples=8, total_chars=469
2026-05-19 12:14:27 | DEBUG    | src.embeddings.extractor           | encode batch 42/75 tokenized: input_ids=(8, 256) attention_mask=(8, 256)
2026-05-19 12:14:31 | DEBUG    | src.embeddings.extractor           | encode batch 42/75 forward ok: n_layers=13 layer0=(8, 256, 768)
2026-05-19 12:14:31 | INFO     | src.embeddings.extractor           | encode batch 42/75
2026-05-19 12:14:31 | DEBUG    | src.embeddings.extractor           | encode batch 43/75 start: idx=[336:344], samples=8, total_chars=585
2026-05-19 12:14:31 | DEBUG    | src.embeddings.extractor           | encode batch 43/75 tokenized: input_ids=(8, 256) attention_mask=(8, 256)
2026-05-19 12:14:35 | DEBUG    | src.embeddings.extractor           | encode batch 43/75 forward ok: n_layers=13 layer0=(8, 256, 768)
2026-05-19 12:14:35 | DEBUG    | src.embeddings.extractor           | encode batch 44/75 start: idx=[344:352], samples=8, total_chars=458
2026-05-19 12:14:35 | DEBUG    | src.embeddings.extractor           | encode batch 44/75 tokenized: input_ids=(8, 256) attention_mask=(8, 256)
2026-05-19 12:14:39 | DEBUG    | src.embeddings.extractor           | encode batch 44/75 forward ok: n_layers=13 layer0=(8, 256, 768)
2026-05-19 12:14:39 | DEBUG    | src.embeddings.extractor           | encode batch 45/75 start: idx=[352:360], samples=8, total_chars=421
2026-05-19 12:14:39 | DEBUG    | src.embeddings.extractor           | encode batch 45/75 tokenized: input_ids=(8, 256) attention_mask=(8, 256)
2026-05-19 12:14:43 | DEBUG    | src.embeddings.extractor           | encode batch 45/75 forward ok: n_layers=13 layer0=(8, 256, 768)
2026-05-19 12:14:43 | DEBUG    | src.embeddings.extractor           | encode batch 46/75 start: idx=[360:368], samples=8, total_chars=416
2026-05-19 12:14:43 | DEBUG    | src.embeddings.extractor           | encode batch 46/75 tokenized: input_ids=(8, 256) attention_mask=(8, 256)
2026-05-19 12:14:48 | DEBUG    | src.embeddings.extractor           | encode batch 46/75 forward ok: n_layers=13 layer0=(8, 256, 768)
2026-05-19 12:14:48 | DEBUG    | src.embeddings.extractor           | encode batch 47/75 start: idx=[368:376], samples=8, total_chars=621
2026-05-19 12:14:48 | DEBUG    | src.embeddings.extractor           | encode batch 47/75 tokenized: input_ids=(8, 256) attention_mask=(8, 256)
2026-05-19 12:14:52 | DEBUG    | src.embeddings.extractor           | encode batch 47/75 forward ok: n_layers=13 layer0=(8, 256, 768)
2026-05-19 12:14:52 | DEBUG    | src.embeddings.extractor           | encode batch 48/75 start: idx=[376:384], samples=8, total_chars=438
2026-05-19 12:14:52 | DEBUG    | src.embeddings.extractor           | encode batch 48/75 tokenized: input_ids=(8, 256) attention_mask=(8, 256)
2026-05-19 12:14:57 | DEBUG    | src.embeddings.extractor           | encode batch 48/75 forward ok: n_layers=13 layer0=(8, 256, 768)
2026-05-19 12:14:57 | DEBUG    | src.embeddings.extractor           | encode batch 49/75 start: idx=[384:392], samples=8, total_chars=428
2026-05-19 12:14:57 | DEBUG    | src.embeddings.extractor           | encode batch 49/75 tokenized: input_ids=(8, 256) attention_mask=(8, 256)
2026-05-19 12:15:01 | DEBUG    | src.embeddings.extractor           | encode batch 49/75 forward ok: n_layers=13 layer0=(8, 256, 768)
2026-05-19 12:15:01 | INFO     | src.embeddings.extractor           | encode batch 49/75
2026-05-19 12:15:01 | DEBUG    | src.embeddings.extractor           | encode batch 50/75 start: idx=[392:400], samples=8, total_chars=633
2026-05-19 12:15:01 | DEBUG    | src.embeddings.extractor           | encode batch 50/75 tokenized: input_ids=(8, 256) attention_mask=(8, 256)
2026-05-19 12:15:05 | DEBUG    | src.embeddings.extractor           | encode batch 50/75 forward ok: n_layers=13 layer0=(8, 256, 768)
2026-05-19 12:15:05 | DEBUG    | src.embeddings.extractor           | encode batch 51/75 start: idx=[400:408], samples=8, total_chars=324
2026-05-19 12:15:05 | DEBUG    | src.embeddings.extractor           | encode batch 51/75 tokenized: input_ids=(8, 256) attention_mask=(8, 256)
2026-05-19 12:15:09 | DEBUG    | src.embeddings.extractor           | encode batch 51/75 forward ok: n_layers=13 layer0=(8, 256, 768)
2026-05-19 12:15:10 | DEBUG    | src.embeddings.extractor           | encode batch 52/75 start: idx=[408:416], samples=8, total_chars=353
2026-05-19 12:15:10 | DEBUG    | src.embeddings.extractor           | encode batch 52/75 tokenized: input_ids=(8, 256) attention_mask=(8, 256)
2026-05-19 12:15:13 | DEBUG    | src.embeddings.extractor           | encode batch 52/75 forward ok: n_layers=13 layer0=(8, 256, 768)
2026-05-19 12:15:13 | DEBUG    | src.embeddings.extractor           | encode batch 53/75 start: idx=[416:424], samples=8, total_chars=441
2026-05-19 12:15:13 | DEBUG    | src.embeddings.extractor           | encode batch 53/75 tokenized: input_ids=(8, 256) attention_mask=(8, 256)
2026-05-19 12:15:32 | DEBUG    | src.embeddings.extractor           | encode batch 53/75 forward ok: n_layers=13 layer0=(8, 256, 768)
2026-05-19 12:15:32 | DEBUG    | src.embeddings.extractor           | encode batch 54/75 start: idx=[424:432], samples=8, total_chars=712
2026-05-19 12:15:32 | DEBUG    | src.embeddings.extractor           | encode batch 54/75 tokenized: input_ids=(8, 256) attention_mask=(8, 256)
2026-05-19 12:15:49 | DEBUG    | src.embeddings.extractor           | encode batch 54/75 forward ok: n_layers=13 layer0=(8, 256, 768)
2026-05-19 12:15:49 | DEBUG    | src.embeddings.extractor           | encode batch 55/75 start: idx=[432:440], samples=8, total_chars=398
2026-05-19 12:15:49 | DEBUG    | src.embeddings.extractor           | encode batch 55/75 tokenized: input_ids=(8, 256) attention_mask=(8, 256)
2026-05-19 12:15:53 | DEBUG    | src.embeddings.extractor           | encode batch 55/75 forward ok: n_layers=13 layer0=(8, 256, 768)
2026-05-19 12:15:53 | DEBUG    | src.embeddings.extractor           | encode batch 56/75 start: idx=[440:448], samples=8, total_chars=389
2026-05-19 12:15:53 | DEBUG    | src.embeddings.extractor           | encode batch 56/75 tokenized: input_ids=(8, 256) attention_mask=(8, 256)
2026-05-19 12:15:57 | DEBUG    | src.embeddings.extractor           | encode batch 56/75 forward ok: n_layers=13 layer0=(8, 256, 768)
2026-05-19 12:15:57 | INFO     | src.embeddings.extractor           | encode batch 56/75
2026-05-19 12:15:57 | DEBUG    | src.embeddings.extractor           | encode batch 57/75 start: idx=[448:456], samples=8, total_chars=412
2026-05-19 12:15:57 | DEBUG    | src.embeddings.extractor           | encode batch 57/75 tokenized: input_ids=(8, 256) attention_mask=(8, 256)
2026-05-19 12:16:01 | DEBUG    | src.embeddings.extractor           | encode batch 57/75 forward ok: n_layers=13 layer0=(8, 256, 768)
2026-05-19 12:16:01 | DEBUG    | src.embeddings.extractor           | encode batch 58/75 start: idx=[456:464], samples=8, total_chars=462
2026-05-19 12:16:01 | DEBUG    | src.embeddings.extractor           | encode batch 58/75 tokenized: input_ids=(8, 256) attention_mask=(8, 256)
2026-05-19 12:16:19 | DEBUG    | src.embeddings.extractor           | encode batch 58/75 forward ok: n_layers=13 layer0=(8, 256, 768)
2026-05-19 12:16:19 | DEBUG    | src.embeddings.extractor           | encode batch 59/75 start: idx=[464:472], samples=8, total_chars=540
2026-05-19 12:16:19 | DEBUG    | src.embeddings.extractor           | encode batch 59/75 tokenized: input_ids=(8, 256) attention_mask=(8, 256)
2026-05-19 12:16:35 | DEBUG    | src.embeddings.extractor           | encode batch 59/75 forward ok: n_layers=13 layer0=(8, 256, 768)
2026-05-19 12:16:35 | DEBUG    | src.embeddings.extractor           | encode batch 60/75 start: idx=[472:480], samples=8, total_chars=468
2026-05-19 12:16:35 | DEBUG    | src.embeddings.extractor           | encode batch 60/75 tokenized: input_ids=(8, 256) attention_mask=(8, 256)
2026-05-19 12:16:38 | DEBUG    | src.embeddings.extractor           | encode batch 60/75 forward ok: n_layers=13 layer0=(8, 256, 768)
2026-05-19 12:16:39 | DEBUG    | src.embeddings.extractor           | encode batch 61/75 start: idx=[480:488], samples=8, total_chars=326
2026-05-19 12:16:39 | DEBUG    | src.embeddings.extractor           | encode batch 61/75 tokenized: input_ids=(8, 256) attention_mask=(8, 256)
2026-05-19 12:16:42 | DEBUG    | src.embeddings.extractor           | encode batch 61/75 forward ok: n_layers=13 layer0=(8, 256, 768)
2026-05-19 12:16:42 | DEBUG    | src.embeddings.extractor           | encode batch 62/75 start: idx=[488:496], samples=8, total_chars=428
2026-05-19 12:16:42 | DEBUG    | src.embeddings.extractor           | encode batch 62/75 tokenized: input_ids=(8, 256) attention_mask=(8, 256)
2026-05-19 12:16:53 | DEBUG    | src.embeddings.extractor           | encode batch 62/75 forward ok: n_layers=13 layer0=(8, 256, 768)
2026-05-19 12:16:53 | DEBUG    | src.embeddings.extractor           | encode batch 63/75 start: idx=[496:504], samples=8, total_chars=610
2026-05-19 12:16:53 | DEBUG    | src.embeddings.extractor           | encode batch 63/75 tokenized: input_ids=(8, 256) attention_mask=(8, 256)
2026-05-19 12:17:11 | DEBUG    | src.embeddings.extractor           | encode batch 63/75 forward ok: n_layers=13 layer0=(8, 256, 768)
2026-05-19 12:17:12 | INFO     | src.embeddings.extractor           | encode batch 63/75
2026-05-19 12:17:12 | DEBUG    | src.embeddings.extractor           | encode batch 64/75 start: idx=[504:512], samples=8, total_chars=663
2026-05-19 12:17:12 | DEBUG    | src.embeddings.extractor           | encode batch 64/75 tokenized: input_ids=(8, 256) attention_mask=(8, 256)
2026-05-19 12:17:31 | DEBUG    | src.embeddings.extractor           | encode batch 64/75 forward ok: n_layers=13 layer0=(8, 256, 768)
2026-05-19 12:17:31 | DEBUG    | src.embeddings.extractor           | encode batch 65/75 start: idx=[512:520], samples=8, total_chars=279
2026-05-19 12:17:31 | DEBUG    | src.embeddings.extractor           | encode batch 65/75 tokenized: input_ids=(8, 256) attention_mask=(8, 256)
2026-05-19 12:17:49 | DEBUG    | src.embeddings.extractor           | encode batch 65/75 forward ok: n_layers=13 layer0=(8, 256, 768)
2026-05-19 12:17:49 | DEBUG    | src.embeddings.extractor           | encode batch 66/75 start: idx=[520:528], samples=8, total_chars=541
2026-05-19 12:17:49 | DEBUG    | src.embeddings.extractor           | encode batch 66/75 tokenized: input_ids=(8, 256) attention_mask=(8, 256)
2026-05-19 12:18:06 | DEBUG    | src.embeddings.extractor           | encode batch 66/75 forward ok: n_layers=13 layer0=(8, 256, 768)
2026-05-19 12:18:06 | DEBUG    | src.embeddings.extractor           | encode batch 67/75 start: idx=[528:536], samples=8, total_chars=366
2026-05-19 12:18:06 | DEBUG    | src.embeddings.extractor           | encode batch 67/75 tokenized: input_ids=(8, 256) attention_mask=(8, 256)
2026-05-19 12:18:26 | DEBUG    | src.embeddings.extractor           | encode batch 67/75 forward ok: n_layers=13 layer0=(8, 256, 768)
2026-05-19 12:18:26 | DEBUG    | src.embeddings.extractor           | encode batch 68/75 start: idx=[536:544], samples=8, total_chars=538
2026-05-19 12:18:26 | DEBUG    | src.embeddings.extractor           | encode batch 68/75 tokenized: input_ids=(8, 256) attention_mask=(8, 256)
2026-05-19 12:18:43 | DEBUG    | src.embeddings.extractor           | encode batch 68/75 forward ok: n_layers=13 layer0=(8, 256, 768)
2026-05-19 12:18:43 | DEBUG    | src.embeddings.extractor           | encode batch 69/75 start: idx=[544:552], samples=8, total_chars=230
2026-05-19 12:18:43 | DEBUG    | src.embeddings.extractor           | encode batch 69/75 tokenized: input_ids=(8, 256) attention_mask=(8, 256)
2026-05-19 12:19:03 | DEBUG    | src.embeddings.extractor           | encode batch 69/75 forward ok: n_layers=13 layer0=(8, 256, 768)
2026-05-19 12:19:03 | DEBUG    | src.embeddings.extractor           | encode batch 70/75 start: idx=[552:560], samples=8, total_chars=381
2026-05-19 12:19:03 | DEBUG    | src.embeddings.extractor           | encode batch 70/75 tokenized: input_ids=(8, 256) attention_mask=(8, 256)
2026-05-19 12:19:20 | DEBUG    | src.embeddings.extractor           | encode batch 70/75 forward ok: n_layers=13 layer0=(8, 256, 768)
2026-05-19 12:19:20 | INFO     | src.embeddings.extractor           | encode batch 70/75
2026-05-19 12:19:20 | DEBUG    | src.embeddings.extractor           | encode batch 71/75 start: idx=[560:568], samples=8, total_chars=373
2026-05-19 12:19:20 | DEBUG    | src.embeddings.extractor           | encode batch 71/75 tokenized: input_ids=(8, 256) attention_mask=(8, 256)
2026-05-19 12:19:38 | DEBUG    | src.embeddings.extractor           | encode batch 71/75 forward ok: n_layers=13 layer0=(8, 256, 768)
2026-05-19 12:19:39 | DEBUG    | src.embeddings.extractor           | encode batch 72/75 start: idx=[568:576], samples=8, total_chars=302
2026-05-19 12:19:39 | DEBUG    | src.embeddings.extractor           | encode batch 72/75 tokenized: input_ids=(8, 256) attention_mask=(8, 256)
2026-05-19 12:19:54 | DEBUG    | src.embeddings.extractor           | encode batch 72/75 forward ok: n_layers=13 layer0=(8, 256, 768)
2026-05-19 12:19:54 | DEBUG    | src.embeddings.extractor           | encode batch 73/75 start: idx=[576:584], samples=8, total_chars=538
2026-05-19 12:19:54 | DEBUG    | src.embeddings.extractor           | encode batch 73/75 tokenized: input_ids=(8, 256) attention_mask=(8, 256)
2026-05-19 12:20:09 | DEBUG    | src.embeddings.extractor           | encode batch 73/75 forward ok: n_layers=13 layer0=(8, 256, 768)
2026-05-19 12:20:09 | DEBUG    | src.embeddings.extractor           | encode batch 74/75 start: idx=[584:592], samples=8, total_chars=441
2026-05-19 12:20:09 | DEBUG    | src.embeddings.extractor           | encode batch 74/75 tokenized: input_ids=(8, 256) attention_mask=(8, 256)
2026-05-19 12:20:27 | DEBUG    | src.embeddings.extractor           | encode batch 74/75 forward ok: n_layers=13 layer0=(8, 256, 768)
2026-05-19 12:20:28 | DEBUG    | src.embeddings.extractor           | encode batch 75/75 start: idx=[592:600], samples=8, total_chars=683
2026-05-19 12:20:28 | DEBUG    | src.embeddings.extractor           | encode batch 75/75 tokenized: input_ids=(8, 256) attention_mask=(8, 256)
2026-05-19 12:20:46 | DEBUG    | src.embeddings.extractor           | encode batch 75/75 forward ok: n_layers=13 layer0=(8, 256, 768)
2026-05-19 12:20:46 | INFO     | src.embeddings.extractor           | encode batch 75/75
2026-05-19 12:20:46 | INFO     | src.embeddings.extractor           | encode aggregated done: layers=13, first_layer_shape=(600, 768)
2026-05-19 12:20:46 | INFO     | src.embeddings.pipeline            | aggregated 13 layer tensors (level=text)
2026-05-19 12:20:46 | INFO     | src.embeddings.pipeline            | saved 13 embedding files under C:\Dev Projects\Python\Interpretations-of-Transformers\backend\artifacts\analysis\semantic\semantic_similarity\bert\text
2026-05-19 12:20:46 | INFO     | src.embeddings.pipeline            | Probing: linear probes by layer (regression)
2026-05-19 12:20:46 | DEBUG    | src.probing                        | probe layer 0: score=-8.5369
2026-05-19 12:20:46 | DEBUG    | src.probing                        | probe layer 1: score=-8.5382
2026-05-19 12:20:46 | DEBUG    | src.probing                        | probe layer 2: score=-7.1858
2026-05-19 12:20:46 | DEBUG    | src.probing                        | probe layer 3: score=-6.8331
2026-05-19 12:20:46 | DEBUG    | src.probing                        | probe layer 4: score=-6.9768
2026-05-19 12:20:46 | DEBUG    | src.probing                        | probe layer 5: score=-7.8760
2026-05-19 12:20:46 | DEBUG    | src.probing                        | probe layer 6: score=-8.1154
2026-05-19 12:20:46 | DEBUG    | src.probing                        | probe layer 7: score=-6.5235
2026-05-19 12:20:46 | DEBUG    | src.probing                        | probe layer 8: score=-8.9091
2026-05-19 12:20:46 | DEBUG    | src.probing                        | probe layer 9: score=-7.0749
2026-05-19 12:20:46 | DEBUG    | src.probing                        | probe layer 10: score=-5.6428
2026-05-19 12:20:46 | DEBUG    | src.probing                        | probe layer 11: score=-6.9831
2026-05-19 12:20:46 | DEBUG    | src.probing                        | probe layer 12: score=-7.0346
2026-05-19 12:20:46 | INFO     | src.embeddings.pipeline            |   Probing results (neg_mse):
2026-05-19 12:20:46 | INFO     | src.embeddings.pipeline            |     layer   0  neg_mse    -8.5369
2026-05-19 12:20:46 | INFO     | src.embeddings.pipeline            |     layer   1  neg_mse    -8.5382
2026-05-19 12:20:46 | INFO     | src.embeddings.pipeline            |     layer   2  neg_mse    -7.1858
2026-05-19 12:20:46 | INFO     | src.embeddings.pipeline            |     layer   3  neg_mse    -6.8331
2026-05-19 12:20:46 | INFO     | src.embeddings.pipeline            |     layer   4  neg_mse    -6.9768
2026-05-19 12:20:46 | INFO     | src.embeddings.pipeline            |     layer   5  neg_mse    -7.8760
2026-05-19 12:20:46 | INFO     | src.embeddings.pipeline            |     layer   6  neg_mse    -8.1154
2026-05-19 12:20:46 | INFO     | src.embeddings.pipeline            |     layer   7  neg_mse    -6.5235
2026-05-19 12:20:46 | INFO     | src.embeddings.pipeline            |     layer   8  neg_mse    -8.9091
2026-05-19 12:20:46 | INFO     | src.embeddings.pipeline            |     layer   9  neg_mse    -7.0749
2026-05-19 12:20:46 | INFO     | src.embeddings.pipeline            |   * layer  10  neg_mse    -5.6428
2026-05-19 12:20:46 | INFO     | src.embeddings.pipeline            |     layer  11  neg_mse    -6.9831
2026-05-19 12:20:46 | INFO     | src.embeddings.pipeline            |     layer  12  neg_mse    -7.0346
2026-05-19 12:20:46 | INFO     | src.embeddings.pipeline            |   лучший слой: 10 = -5.6428
2026-05-19 12:20:46 | INFO     | src.embeddings.pipeline            | Decomposition methods: ['pca', 'probe_directions', 'null_space']
2026-05-19 12:20:46 | INFO     | src.embeddings.pipeline            | PCA: components=8, explained variance top-5=0.1110, 0.0379, 0.0334, 0.0298, 0.0245
2026-05-19 12:20:46 | INFO     | src.embeddings.pipeline            | Linear probe directions: n=1
2026-05-19 12:20:46 | INFO     | src.embeddings.pipeline            | Interventions: ['pca', 'probe_directions', 'null_space']
2026-05-19 12:20:46 | DEBUG    | src.probing                        | probe layer 0: score=-7.6201
2026-05-19 12:20:46 | DEBUG    | src.probing                        | probe layer 0: score=-20.0224
2026-05-19 12:20:46 | DEBUG    | src.probing                        | probe layer 0: score=-20.0224
2026-05-19 12:20:46 | INFO     | src.embeddings.pipeline            | ························································
2026-05-19 12:20:46 | INFO     | src.embeddings.pipeline            |   After intervention (pca) (neg_mse):
2026-05-19 12:20:46 | INFO     | src.embeddings.pipeline            |   * layer   0  neg_mse    -7.6201
2026-05-19 12:20:46 | INFO     | src.embeddings.pipeline            |   лучший слой: 0 = -7.6201
2026-05-19 12:20:46 | INFO     | src.embeddings.pipeline            | ························································
2026-05-19 12:20:46 | INFO     | src.embeddings.pipeline            |   After intervention (probe_directions) (neg_mse):
2026-05-19 12:20:46 | INFO     | src.embeddings.pipeline            |   * layer   0  neg_mse    -20.0224
2026-05-19 12:20:46 | INFO     | src.embeddings.pipeline            |   лучший слой: 0 = -20.0224
2026-05-19 12:20:46 | INFO     | src.embeddings.pipeline            | ························································
2026-05-19 12:20:46 | INFO     | src.embeddings.pipeline            |   After intervention (null_space) (neg_mse):
2026-05-19 12:20:46 | INFO     | src.embeddings.pipeline            |   * layer   0  neg_mse    -20.0224
2026-05-19 12:20:46 | INFO     | src.embeddings.pipeline            |   лучший слой: 0 = -20.0224
2026-05-19 12:20:46 | INFO     | src.embeddings.pipeline            | wrote summary C:\Dev Projects\Python\Interpretations-of-Transformers\backend\artifacts\analysis\semantic\semantic_similarity\bert\text\pipeline_summary.json
2026-05-19 12:20:46 | INFO     | run_exp                            | [bert/text] best layer=10 score=-5.6428
2026-05-19 12:20:46 | INFO     | run_exp                            | summary: artifacts\analysis\semantic\semantic_similarity\bert\text\pipeline_summary.json
2026-05-19 12:20:46 | INFO     | run_exp                            | Analysis level: sentence (batch_size=8, max_length=256)
2026-05-19 12:20:46 | INFO     | src.embeddings.pipeline            | pipeline: level=sentence strategy=mean probing=regression batch_size=8 max_length=256 -> C:\Dev Projects\Python\Interpretations-of-Transformers\backend\artifacts\analysis\semantic\semantic_similarity\bert\sentence
2026-05-19 12:20:46 | INFO     | src.embeddings.extractor           | encode start: 600 texts, batch_size=8, max_length=256, ~75 batches (level=sentence)
2026-05-19 12:20:46 | DEBUG    | src.embeddings.extractor           | encode batch 1/75 start: idx=[0:8], samples=8, total_chars=672
2026-05-19 12:20:46 | DEBUG    | src.embeddings.extractor           | encode batch 1/75 tokenized: input_ids=(8, 256) attention_mask=(8, 256)
2026-05-19 12:20:50 | DEBUG    | src.embeddings.extractor           | encode batch 1/75 forward ok: n_layers=13 layer0=(8, 256, 768)
2026-05-19 12:20:50 | DEBUG    | src.embeddings.extractor           | encode batch 2/75 start: idx=[8:16], samples=8, total_chars=439
2026-05-19 12:20:50 | DEBUG    | src.embeddings.extractor           | encode batch 2/75 tokenized: input_ids=(8, 256) attention_mask=(8, 256)
2026-05-19 12:20:53 | DEBUG    | src.embeddings.extractor           | encode batch 2/75 forward ok: n_layers=13 layer0=(8, 256, 768)
2026-05-19 12:20:53 | DEBUG    | src.embeddings.extractor           | encode batch 3/75 start: idx=[16:24], samples=8, total_chars=439
2026-05-19 12:20:53 | DEBUG    | src.embeddings.extractor           | encode batch 3/75 tokenized: input_ids=(8, 256) attention_mask=(8, 256)
2026-05-19 12:20:57 | DEBUG    | src.embeddings.extractor           | encode batch 3/75 forward ok: n_layers=13 layer0=(8, 256, 768)
2026-05-19 12:20:57 | DEBUG    | src.embeddings.extractor           | encode batch 4/75 start: idx=[24:32], samples=8, total_chars=526
2026-05-19 12:20:57 | DEBUG    | src.embeddings.extractor           | encode batch 4/75 tokenized: input_ids=(8, 256) attention_mask=(8, 256)
2026-05-19 12:21:00 | DEBUG    | src.embeddings.extractor           | encode batch 4/75 forward ok: n_layers=13 layer0=(8, 256, 768)
2026-05-19 12:21:00 | DEBUG    | src.embeddings.extractor           | encode batch 5/75 start: idx=[32:40], samples=8, total_chars=350
2026-05-19 12:21:00 | DEBUG    | src.embeddings.extractor           | encode batch 5/75 tokenized: input_ids=(8, 256) attention_mask=(8, 256)
2026-05-19 12:21:04 | DEBUG    | src.embeddings.extractor           | encode batch 5/75 forward ok: n_layers=13 layer0=(8, 256, 768)
2026-05-19 12:21:04 | DEBUG    | src.embeddings.extractor           | encode batch 6/75 start: idx=[40:48], samples=8, total_chars=568
2026-05-19 12:21:04 | DEBUG    | src.embeddings.extractor           | encode batch 6/75 tokenized: input_ids=(8, 256) attention_mask=(8, 256)
2026-05-19 12:21:09 | DEBUG    | src.embeddings.extractor           | encode batch 6/75 forward ok: n_layers=13 layer0=(8, 256, 768)
2026-05-19 12:21:09 | DEBUG    | src.embeddings.extractor           | encode batch 7/75 start: idx=[48:56], samples=8, total_chars=557
2026-05-19 12:21:09 | DEBUG    | src.embeddings.extractor           | encode batch 7/75 tokenized: input_ids=(8, 256) attention_mask=(8, 256)
2026-05-19 12:21:19 | DEBUG    | src.embeddings.extractor           | encode batch 7/75 forward ok: n_layers=13 layer0=(8, 256, 768)
2026-05-19 12:21:19 | INFO     | src.embeddings.extractor           | encode batch 7/75
2026-05-19 12:21:19 | DEBUG    | src.embeddings.extractor           | encode batch 8/75 start: idx=[56:64], samples=8, total_chars=407
2026-05-19 12:21:19 | DEBUG    | src.embeddings.extractor           | encode batch 8/75 tokenized: input_ids=(8, 256) attention_mask=(8, 256)
2026-05-19 12:21:38 | DEBUG    | src.embeddings.extractor           | encode batch 8/75 forward ok: n_layers=13 layer0=(8, 256, 768)
2026-05-19 12:21:38 | DEBUG    | src.embeddings.extractor           | encode batch 9/75 start: idx=[64:72], samples=8, total_chars=425
2026-05-19 12:21:38 | DEBUG    | src.embeddings.extractor           | encode batch 9/75 tokenized: input_ids=(8, 256) attention_mask=(8, 256)
2026-05-19 12:21:56 | DEBUG    | src.embeddings.extractor           | encode batch 9/75 forward ok: n_layers=13 layer0=(8, 256, 768)
2026-05-19 12:21:56 | DEBUG    | src.embeddings.extractor           | encode batch 10/75 start: idx=[72:80], samples=8, total_chars=504
2026-05-19 12:21:56 | DEBUG    | src.embeddings.extractor           | encode batch 10/75 tokenized: input_ids=(8, 256) attention_mask=(8, 256)
2026-05-19 12:22:16 | DEBUG    | src.embeddings.extractor           | encode batch 10/75 forward ok: n_layers=13 layer0=(8, 256, 768)
2026-05-19 12:22:16 | DEBUG    | src.embeddings.extractor           | encode batch 11/75 start: idx=[80:88], samples=8, total_chars=535
2026-05-19 12:22:16 | DEBUG    | src.embeddings.extractor           | encode batch 11/75 tokenized: input_ids=(8, 256) attention_mask=(8, 256)
2026-05-19 12:22:35 | DEBUG    | src.embeddings.extractor           | encode batch 11/75 forward ok: n_layers=13 layer0=(8, 256, 768)
2026-05-19 12:22:35 | DEBUG    | src.embeddings.extractor           | encode batch 12/75 start: idx=[88:96], samples=8, total_chars=388
2026-05-19 12:22:35 | DEBUG    | src.embeddings.extractor           | encode batch 12/75 tokenized: input_ids=(8, 256) attention_mask=(8, 256)
2026-05-19 12:22:54 | DEBUG    | src.embeddings.extractor           | encode batch 12/75 forward ok: n_layers=13 layer0=(8, 256, 768)
2026-05-19 12:22:54 | DEBUG    | src.embeddings.extractor           | encode batch 13/75 start: idx=[96:104], samples=8, total_chars=684
2026-05-19 12:22:54 | DEBUG    | src.embeddings.extractor           | encode batch 13/75 tokenized: input_ids=(8, 256) attention_mask=(8, 256)
2026-05-19 12:23:12 | DEBUG    | src.embeddings.extractor           | encode batch 13/75 forward ok: n_layers=13 layer0=(8, 256, 768)
2026-05-19 12:23:12 | DEBUG    | src.embeddings.extractor           | encode batch 14/75 start: idx=[104:112], samples=8, total_chars=422
2026-05-19 12:23:12 | DEBUG    | src.embeddings.extractor           | encode batch 14/75 tokenized: input_ids=(8, 256) attention_mask=(8, 256)
2026-05-19 12:23:31 | DEBUG    | src.embeddings.extractor           | encode batch 14/75 forward ok: n_layers=13 layer0=(8, 256, 768)
2026-05-19 12:23:31 | INFO     | src.embeddings.extractor           | encode batch 14/75
2026-05-19 12:23:31 | DEBUG    | src.embeddings.extractor           | encode batch 15/75 start: idx=[112:120], samples=8, total_chars=409
2026-05-19 12:23:31 | DEBUG    | src.embeddings.extractor           | encode batch 15/75 tokenized: input_ids=(8, 256) attention_mask=(8, 256)
2026-05-19 12:23:50 | DEBUG    | src.embeddings.extractor           | encode batch 15/75 forward ok: n_layers=13 layer0=(8, 256, 768)
2026-05-19 12:23:50 | DEBUG    | src.embeddings.extractor           | encode batch 16/75 start: idx=[120:128], samples=8, total_chars=500
2026-05-19 12:23:50 | DEBUG    | src.embeddings.extractor           | encode batch 16/75 tokenized: input_ids=(8, 256) attention_mask=(8, 256)
2026-05-19 12:24:09 | DEBUG    | src.embeddings.extractor           | encode batch 16/75 forward ok: n_layers=13 layer0=(8, 256, 768)
2026-05-19 12:24:09 | DEBUG    | src.embeddings.extractor           | encode batch 17/75 start: idx=[128:136], samples=8, total_chars=583
2026-05-19 12:24:09 | DEBUG    | src.embeddings.extractor           | encode batch 17/75 tokenized: input_ids=(8, 256) attention_mask=(8, 256)
2026-05-19 12:24:27 | DEBUG    | src.embeddings.extractor           | encode batch 17/75 forward ok: n_layers=13 layer0=(8, 256, 768)
2026-05-19 12:24:27 | DEBUG    | src.embeddings.extractor           | encode batch 18/75 start: idx=[136:144], samples=8, total_chars=594
2026-05-19 12:24:27 | DEBUG    | src.embeddings.extractor           | encode batch 18/75 tokenized: input_ids=(8, 256) attention_mask=(8, 256)
2026-05-19 12:24:31 | DEBUG    | src.embeddings.extractor           | encode batch 18/75 forward ok: n_layers=13 layer0=(8, 256, 768)
2026-05-19 12:24:31 | DEBUG    | src.embeddings.extractor           | encode batch 19/75 start: idx=[144:152], samples=8, total_chars=461
2026-05-19 12:24:31 | DEBUG    | src.embeddings.extractor           | encode batch 19/75 tokenized: input_ids=(8, 256) attention_mask=(8, 256)
2026-05-19 12:24:35 | DEBUG    | src.embeddings.extractor           | encode batch 19/75 forward ok: n_layers=13 layer0=(8, 256, 768)
2026-05-19 12:24:35 | DEBUG    | src.embeddings.extractor           | encode batch 20/75 start: idx=[152:160], samples=8, total_chars=468
2026-05-19 12:24:35 | DEBUG    | src.embeddings.extractor           | encode batch 20/75 tokenized: input_ids=(8, 256) attention_mask=(8, 256)
2026-05-19 12:24:39 | DEBUG    | src.embeddings.extractor           | encode batch 20/75 forward ok: n_layers=13 layer0=(8, 256, 768)
2026-05-19 12:24:39 | DEBUG    | src.embeddings.extractor           | encode batch 21/75 start: idx=[160:168], samples=8, total_chars=338
2026-05-19 12:24:39 | DEBUG    | src.embeddings.extractor           | encode batch 21/75 tokenized: input_ids=(8, 256) attention_mask=(8, 256)
2026-05-19 12:24:44 | DEBUG    | src.embeddings.extractor           | encode batch 21/75 forward ok: n_layers=13 layer0=(8, 256, 768)
2026-05-19 12:24:44 | INFO     | src.embeddings.extractor           | encode batch 21/75
2026-05-19 12:24:44 | DEBUG    | src.embeddings.extractor           | encode batch 22/75 start: idx=[168:176], samples=8, total_chars=490
2026-05-19 12:24:44 | DEBUG    | src.embeddings.extractor           | encode batch 22/75 tokenized: input_ids=(8, 256) attention_mask=(8, 256)
2026-05-19 12:24:49 | DEBUG    | src.embeddings.extractor           | encode batch 22/75 forward ok: n_layers=13 layer0=(8, 256, 768)
2026-05-19 12:24:49 | DEBUG    | src.embeddings.extractor           | encode batch 23/75 start: idx=[176:184], samples=8, total_chars=477
2026-05-19 12:24:49 | DEBUG    | src.embeddings.extractor           | encode batch 23/75 tokenized: input_ids=(8, 256) attention_mask=(8, 256)
2026-05-19 12:24:54 | DEBUG    | src.embeddings.extractor           | encode batch 23/75 forward ok: n_layers=13 layer0=(8, 256, 768)
2026-05-19 12:24:54 | DEBUG    | src.embeddings.extractor           | encode batch 24/75 start: idx=[184:192], samples=8, total_chars=416
2026-05-19 12:24:54 | DEBUG    | src.embeddings.extractor           | encode batch 24/75 tokenized: input_ids=(8, 256) attention_mask=(8, 256)
2026-05-19 12:24:59 | DEBUG    | src.embeddings.extractor           | encode batch 24/75 forward ok: n_layers=13 layer0=(8, 256, 768)
2026-05-19 12:24:59 | DEBUG    | src.embeddings.extractor           | encode batch 25/75 start: idx=[192:200], samples=8, total_chars=703
2026-05-19 12:24:59 | DEBUG    | src.embeddings.extractor           | encode batch 25/75 tokenized: input_ids=(8, 256) attention_mask=(8, 256)
2026-05-19 12:25:03 | DEBUG    | src.embeddings.extractor           | encode batch 25/75 forward ok: n_layers=13 layer0=(8, 256, 768)
2026-05-19 12:25:03 | DEBUG    | src.embeddings.extractor           | encode batch 26/75 start: idx=[200:208], samples=8, total_chars=407
2026-05-19 12:25:03 | DEBUG    | src.embeddings.extractor           | encode batch 26/75 tokenized: input_ids=(8, 256) attention_mask=(8, 256)
2026-05-19 12:25:08 | DEBUG    | src.embeddings.extractor           | encode batch 26/75 forward ok: n_layers=13 layer0=(8, 256, 768)
2026-05-19 12:25:08 | DEBUG    | src.embeddings.extractor           | encode batch 27/75 start: idx=[208:216], samples=8, total_chars=880
2026-05-19 12:25:08 | DEBUG    | src.embeddings.extractor           | encode batch 27/75 tokenized: input_ids=(8, 256) attention_mask=(8, 256)
2026-05-19 12:25:13 | DEBUG    | src.embeddings.extractor           | encode batch 27/75 forward ok: n_layers=13 layer0=(8, 256, 768)
2026-05-19 12:25:13 | DEBUG    | src.embeddings.extractor           | encode batch 28/75 start: idx=[216:224], samples=8, total_chars=378
2026-05-19 12:25:13 | DEBUG    | src.embeddings.extractor           | encode batch 28/75 tokenized: input_ids=(8, 256) attention_mask=(8, 256)
2026-05-19 12:25:21 | DEBUG    | src.embeddings.extractor           | encode batch 28/75 forward ok: n_layers=13 layer0=(8, 256, 768)
2026-05-19 12:25:21 | INFO     | src.embeddings.extractor           | encode batch 28/75
2026-05-19 12:25:21 | DEBUG    | src.embeddings.extractor           | encode batch 29/75 start: idx=[224:232], samples=8, total_chars=419
2026-05-19 12:25:21 | DEBUG    | src.embeddings.extractor           | encode batch 29/75 tokenized: input_ids=(8, 256) attention_mask=(8, 256)
2026-05-19 12:25:30 | DEBUG    | src.embeddings.extractor           | encode batch 29/75 forward ok: n_layers=13 layer0=(8, 256, 768)
2026-05-19 12:25:30 | DEBUG    | src.embeddings.extractor           | encode batch 30/75 start: idx=[232:240], samples=8, total_chars=518
2026-05-19 12:25:30 | DEBUG    | src.embeddings.extractor           | encode batch 30/75 tokenized: input_ids=(8, 256) attention_mask=(8, 256)
2026-05-19 12:25:38 | DEBUG    | src.embeddings.extractor           | encode batch 30/75 forward ok: n_layers=13 layer0=(8, 256, 768)
2026-05-19 12:25:38 | DEBUG    | src.embeddings.extractor           | encode batch 31/75 start: idx=[240:248], samples=8, total_chars=545
2026-05-19 12:25:38 | DEBUG    | src.embeddings.extractor           | encode batch 31/75 tokenized: input_ids=(8, 256) attention_mask=(8, 256)
2026-05-19 12:25:46 | DEBUG    | src.embeddings.extractor           | encode batch 31/75 forward ok: n_layers=13 layer0=(8, 256, 768)
2026-05-19 12:25:46 | DEBUG    | src.embeddings.extractor           | encode batch 32/75 start: idx=[248:256], samples=8, total_chars=322
2026-05-19 12:25:46 | DEBUG    | src.embeddings.extractor           | encode batch 32/75 tokenized: input_ids=(8, 256) attention_mask=(8, 256)
2026-05-19 12:25:54 | DEBUG    | src.embeddings.extractor           | encode batch 32/75 forward ok: n_layers=13 layer0=(8, 256, 768)
2026-05-19 12:25:54 | DEBUG    | src.embeddings.extractor           | encode batch 33/75 start: idx=[256:264], samples=8, total_chars=487
2026-05-19 12:25:54 | DEBUG    | src.embeddings.extractor           | encode batch 33/75 tokenized: input_ids=(8, 256) attention_mask=(8, 256)
2026-05-19 12:26:02 | DEBUG    | src.embeddings.extractor           | encode batch 33/75 forward ok: n_layers=13 layer0=(8, 256, 768)
2026-05-19 12:26:02 | DEBUG    | src.embeddings.extractor           | encode batch 34/75 start: idx=[264:272], samples=8, total_chars=483
2026-05-19 12:26:02 | DEBUG    | src.embeddings.extractor           | encode batch 34/75 tokenized: input_ids=(8, 256) attention_mask=(8, 256)
2026-05-19 12:26:11 | DEBUG    | src.embeddings.extractor           | encode batch 34/75 forward ok: n_layers=13 layer0=(8, 256, 768)
2026-05-19 12:26:11 | DEBUG    | src.embeddings.extractor           | encode batch 35/75 start: idx=[272:280], samples=8, total_chars=329
2026-05-19 12:26:11 | DEBUG    | src.embeddings.extractor           | encode batch 35/75 tokenized: input_ids=(8, 256) attention_mask=(8, 256)
2026-05-19 12:26:17 | DEBUG    | src.embeddings.extractor           | encode batch 35/75 forward ok: n_layers=13 layer0=(8, 256, 768)
2026-05-19 12:26:17 | INFO     | src.embeddings.extractor           | encode batch 35/75
2026-05-19 12:26:17 | DEBUG    | src.embeddings.extractor           | encode batch 36/75 start: idx=[280:288], samples=8, total_chars=341
2026-05-19 12:26:17 | DEBUG    | src.embeddings.extractor           | encode batch 36/75 tokenized: input_ids=(8, 256) attention_mask=(8, 256)
2026-05-19 13:45:48 | DEBUG    | src.embeddings.extractor           | encode batch 36/75 forward ok: n_layers=13 layer0=(8, 256, 768)
2026-05-19 13:45:48 | DEBUG    | src.embeddings.extractor           | encode batch 37/75 start: idx=[288:296], samples=8, total_chars=382
2026-05-19 13:45:48 | DEBUG    | src.embeddings.extractor           | encode batch 37/75 tokenized: input_ids=(8, 256) attention_mask=(8, 256)
2026-05-19 19:45:49 | DEBUG    | src.embeddings.extractor           | encode batch 37/75 forward ok: n_layers=13 layer0=(8, 256, 768)
2026-05-19 19:45:49 | DEBUG    | src.embeddings.extractor           | encode batch 38/75 start: idx=[296:304], samples=8, total_chars=379
2026-05-19 19:45:49 | DEBUG    | src.embeddings.extractor           | encode batch 38/75 tokenized: input_ids=(8, 256) attention_mask=(8, 256)
2026-05-19 19:45:52 | DEBUG    | src.embeddings.extractor           | encode batch 38/75 forward ok: n_layers=13 layer0=(8, 256, 768)
2026-05-19 19:45:52 | DEBUG    | src.embeddings.extractor           | encode batch 39/75 start: idx=[304:312], samples=8, total_chars=546
2026-05-19 19:45:52 | DEBUG    | src.embeddings.extractor           | encode batch 39/75 tokenized: input_ids=(8, 256) attention_mask=(8, 256)
2026-05-20 21:25:57 | DEBUG    | src.embeddings.extractor           | encode batch 39/75 forward ok: n_layers=13 layer0=(8, 256, 768)
2026-05-20 21:25:57 | DEBUG    | src.embeddings.extractor           | encode batch 40/75 start: idx=[312:320], samples=8, total_chars=402
2026-05-20 21:25:57 | DEBUG    | src.embeddings.extractor           | encode batch 40/75 tokenized: input_ids=(8, 256) attention_mask=(8, 256)
2026-05-20 21:26:03 | DEBUG    | src.embeddings.extractor           | encode batch 40/75 forward ok: n_layers=13 layer0=(8, 256, 768)
2026-05-20 21:26:03 | DEBUG    | src.embeddings.extractor           | encode batch 41/75 start: idx=[320:328], samples=8, total_chars=661
2026-05-20 21:26:03 | DEBUG    | src.embeddings.extractor           | encode batch 41/75 tokenized: input_ids=(8, 256) attention_mask=(8, 256)
2026-05-20 21:26:07 | DEBUG    | src.embeddings.extractor           | encode batch 41/75 forward ok: n_layers=13 layer0=(8, 256, 768)
2026-05-20 21:26:07 | DEBUG    | src.embeddings.extractor           | encode batch 42/75 start: idx=[328:336], samples=8, total_chars=469
2026-05-20 21:26:07 | DEBUG    | src.embeddings.extractor           | encode batch 42/75 tokenized: input_ids=(8, 256) attention_mask=(8, 256)
2026-05-20 21:26:11 | DEBUG    | src.embeddings.extractor           | encode batch 42/75 forward ok: n_layers=13 layer0=(8, 256, 768)
2026-05-20 21:26:11 | INFO     | src.embeddings.extractor           | encode batch 42/75
2026-05-20 21:26:11 | DEBUG    | src.embeddings.extractor           | encode batch 43/75 start: idx=[336:344], samples=8, total_chars=585
2026-05-20 21:26:11 | DEBUG    | src.embeddings.extractor           | encode batch 43/75 tokenized: input_ids=(8, 256) attention_mask=(8, 256)
2026-05-20 21:26:15 | DEBUG    | src.embeddings.extractor           | encode batch 43/75 forward ok: n_layers=13 layer0=(8, 256, 768)
2026-05-20 21:26:15 | DEBUG    | src.embeddings.extractor           | encode batch 44/75 start: idx=[344:352], samples=8, total_chars=458
2026-05-20 21:26:15 | DEBUG    | src.embeddings.extractor           | encode batch 44/75 tokenized: input_ids=(8, 256) attention_mask=(8, 256)
2026-05-20 21:26:19 | DEBUG    | src.embeddings.extractor           | encode batch 44/75 forward ok: n_layers=13 layer0=(8, 256, 768)
2026-05-20 21:26:19 | DEBUG    | src.embeddings.extractor           | encode batch 45/75 start: idx=[352:360], samples=8, total_chars=421
2026-05-20 21:26:19 | DEBUG    | src.embeddings.extractor           | encode batch 45/75 tokenized: input_ids=(8, 256) attention_mask=(8, 256)
